The system is: Linux - 5.15.0-67-generic - x86_64
Compiling the C compiler identification source file "CMakeCCompilerId.c" succeeded.
Compiler: /usr/bin/cc 
Build flags: 
Id flags:  

The output was:
0


Compilation of the C compiler identification source "CMakeCCompilerId.c" produced "a.out"

The C compiler identification is GNU, found in "/home/bbordenave/personalProjects/PredictionImagesInPDF/poppler-21.09.0/build/CMakeFiles/3.16.3/CompilerIdC/a.out"

Compiling the CXX compiler identification source file "CMakeCXXCompilerId.cpp" succeeded.
Compiler: /usr/bin/c++ 
Build flags: 
Id flags:  

The output was:
0


Compilation of the CXX compiler identification source "CMakeCXXCompilerId.cpp" produced "a.out"

The CXX compiler identification is GNU, found in "/home/bbordenave/personalProjects/PredictionImagesInPDF/poppler-21.09.0/build/CMakeFiles/3.16.3/CompilerIdCXX/a.out"

Determining if the C compiler works passed with the following output:
Change Dir: /home/bbordenave/personalProjects/PredictionImagesInPDF/poppler-21.09.0/build/CMakeFiles/CMakeTmp

Run Build Command(s):/usr/bin/make cmTC_eeb72/fast && /usr/bin/make -f CMakeFiles/cmTC_eeb72.dir/build.make CMakeFiles/cmTC_eeb72.dir/build
make[1]: Entering directory '/home/bbordenave/personalProjects/PredictionImagesInPDF/poppler-21.09.0/build/CMakeFiles/CMakeTmp'
Building C object CMakeFiles/cmTC_eeb72.dir/testCCompiler.c.o
/usr/bin/cc    -o CMakeFiles/cmTC_eeb72.dir/testCCompiler.c.o   -c /home/bbordenave/personalProjects/PredictionImagesInPDF/poppler-21.09.0/build/CMakeFiles/CMakeTmp/testCCompiler.c
Linking C executable cmTC_eeb72
/usr/bin/cmake -E cmake_link_script CMakeFiles/cmTC_eeb72.dir/link.txt --verbose=1
/usr/bin/cc      CMakeFiles/cmTC_eeb72.dir/testCCompiler.c.o  -o cmTC_eeb72 
make[1]: Leaving directory '/home/bbordenave/personalProjects/PredictionImagesInPDF/poppler-21.09.0/build/CMakeFiles/CMakeTmp'



Detecting C compiler ABI info compiled with the following output:
Change Dir: /home/bbordenave/personalProjects/PredictionImagesInPDF/poppler-21.09.0/build/CMakeFiles/CMakeTmp

Run Build Command(s):/usr/bin/make cmTC_01b76/fast && /usr/bin/make -f CMakeFiles/cmTC_01b76.dir/build.make CMakeFiles/cmTC_01b76.dir/build
make[1]: Entering directory '/home/bbordenave/personalProjects/PredictionImagesInPDF/poppler-21.09.0/build/CMakeFiles/CMakeTmp'
Building C object CMakeFiles/cmTC_01b76.dir/CMakeCCompilerABI.c.o
/usr/bin/cc   -v -o CMakeFiles/cmTC_01b76.dir/CMakeCCompilerABI.c.o   -c /usr/share/cmake-3.16/Modules/CMakeCCompilerABI.c
Using built-in specs.
COLLECT_GCC=/usr/bin/cc
OFFLOAD_TARGET_NAMES=nvptx-none:hsa
OFFLOAD_TARGET_DEFAULT=1
Target: x86_64-linux-gnu
Configured with: ../src/configure -v --with-pkgversion='Ubuntu 9.4.0-1ubuntu1~20.04.1' --with-bugurl=file:///usr/share/doc/gcc-9/README.Bugs --enable-languages=c,ada,c++,go,brig,d,fortran,objc,obj-c++,gm2 --prefix=/usr --with-gcc-major-version-only --program-suffix=-9 --program-prefix=x86_64-linux-gnu- --enable-shared --enable-linker-build-id --libexecdir=/usr/lib --without-included-gettext --enable-threads=posix --libdir=/usr/lib --enable-nls --enable-clocale=gnu --enable-libstdcxx-debug --enable-libstdcxx-time=yes --with-default-libstdcxx-abi=new --enable-gnu-unique-object --disable-vtable-verify --enable-plugin --enable-default-pie --with-system-zlib --with-target-system-zlib=auto --enable-objc-gc=auto --enable-multiarch --disable-werror --with-arch-32=i686 --with-abi=m64 --with-multilib-list=m32,m64,mx32 --enable-multilib --with-tune=generic --enable-offload-targets=nvptx-none=/build/gcc-9-Av3uEd/gcc-9-9.4.0/debian/tmp-nvptx/usr,hsa --without-cuda-driver --enable-checking=release --build=x86_64-linux-gnu --host=x86_64-linux-gnu --target=x86_64-linux-gnu
Thread model: posix
gcc version 9.4.0 (Ubuntu 9.4.0-1ubuntu1~20.04.1) 
COLLECT_GCC_OPTIONS='-v' '-o' 'CMakeFiles/cmTC_01b76.dir/CMakeCCompilerABI.c.o' '-c' '-mtune=generic' '-march=x86-64'
 /usr/lib/gcc/x86_64-linux-gnu/9/cc1 -quiet -v -imultiarch x86_64-linux-gnu /usr/share/cmake-3.16/Modules/CMakeCCompilerABI.c -quiet -dumpbase CMakeCCompilerABI.c -mtune=generic -march=x86-64 -auxbase-strip CMakeFiles/cmTC_01b76.dir/CMakeCCompilerABI.c.o -version -fasynchronous-unwind-tables -fstack-protector-strong -Wformat -Wformat-security -fstack-clash-protection -fcf-protection -o /tmp/cc8Yjxtu.s
GNU C17 (Ubuntu 9.4.0-1ubuntu1~20.04.1) version 9.4.0 (x86_64-linux-gnu)
	compiled by GNU C version 9.4.0, GMP version 6.2.0, MPFR version 4.0.2, MPC version 1.1.0, isl version isl-0.22.1-GMP

GGC heuristics: --param ggc-min-expand=100 --param ggc-min-heapsize=131072
ignoring nonexistent directory "/usr/local/include/x86_64-linux-gnu"
ignoring nonexistent directory "/usr/lib/gcc/x86_64-linux-gnu/9/include-fixed"
ignoring nonexistent directory "/usr/lib/gcc/x86_64-linux-gnu/9/../../../../x86_64-linux-gnu/include"
#include "..." search starts here:
#include <...> search starts here:
 /usr/lib/gcc/x86_64-linux-gnu/9/include
 /usr/local/include
 /usr/include/x86_64-linux-gnu
 /usr/include
End of search list.
GNU C17 (Ubuntu 9.4.0-1ubuntu1~20.04.1) version 9.4.0 (x86_64-linux-gnu)
	compiled by GNU C version 9.4.0, GMP version 6.2.0, MPFR version 4.0.2, MPC version 1.1.0, isl version isl-0.22.1-GMP

GGC heuristics: --param ggc-min-expand=100 --param ggc-min-heapsize=131072
Compiler executable checksum: c0c95c0b4209efec1c1892d5ff24030b
COLLECT_GCC_OPTIONS='-v' '-o' 'CMakeFiles/cmTC_01b76.dir/CMakeCCompilerABI.c.o' '-c' '-mtune=generic' '-march=x86-64'
 as -v --64 -o CMakeFiles/cmTC_01b76.dir/CMakeCCompilerABI.c.o /tmp/cc8Yjxtu.s
GNU assembler version 2.34 (x86_64-linux-gnu) using BFD version (GNU Binutils for Ubuntu) 2.34
COMPILER_PATH=/usr/lib/gcc/x86_64-linux-gnu/9/:/usr/lib/gcc/x86_64-linux-gnu/9/:/usr/lib/gcc/x86_64-linux-gnu/:/usr/lib/gcc/x86_64-linux-gnu/9/:/usr/lib/gcc/x86_64-linux-gnu/
LIBRARY_PATH=/usr/lib/gcc/x86_64-linux-gnu/9/:/usr/lib/gcc/x86_64-linux-gnu/9/../../../x86_64-linux-gnu/:/usr/lib/gcc/x86_64-linux-gnu/9/../../../../lib/:/lib/x86_64-linux-gnu/:/lib/../lib/:/usr/lib/x86_64-linux-gnu/:/usr/lib/../lib/:/usr/lib/gcc/x86_64-linux-gnu/9/../../../:/lib/:/usr/lib/
COLLECT_GCC_OPTIONS='-v' '-o' 'CMakeFiles/cmTC_01b76.dir/CMakeCCompilerABI.c.o' '-c' '-mtune=generic' '-march=x86-64'
Linking C executable cmTC_01b76
/usr/bin/cmake -E cmake_link_script CMakeFiles/cmTC_01b76.dir/link.txt --verbose=1
/usr/bin/cc     -v CMakeFiles/cmTC_01b76.dir/CMakeCCompilerABI.c.o  -o cmTC_01b76 
Using built-in specs.
COLLECT_GCC=/usr/bin/cc
COLLECT_LTO_WRAPPER=/usr/lib/gcc/x86_64-linux-gnu/9/lto-wrapper
OFFLOAD_TARGET_NAMES=nvptx-none:hsa
OFFLOAD_TARGET_DEFAULT=1
Target: x86_64-linux-gnu
Configured with: ../src/configure -v --with-pkgversion='Ubuntu 9.4.0-1ubuntu1~20.04.1' --with-bugurl=file:///usr/share/doc/gcc-9/README.Bugs --enable-languages=c,ada,c++,go,brig,d,fortran,objc,obj-c++,gm2 --prefix=/usr --with-gcc-major-version-only --program-suffix=-9 --program-prefix=x86_64-linux-gnu- --enable-shared --enable-linker-build-id --libexecdir=/usr/lib --without-included-gettext --enable-threads=posix --libdir=/usr/lib --enable-nls --enable-clocale=gnu --enable-libstdcxx-debug --enable-libstdcxx-time=yes --with-default-libstdcxx-abi=new --enable-gnu-unique-object --disable-vtable-verify --enable-plugin --enable-default-pie --with-system-zlib --with-target-system-zlib=auto --enable-objc-gc=auto --enable-multiarch --disable-werror --with-arch-32=i686 --with-abi=m64 --with-multilib-list=m32,m64,mx32 --enable-multilib --with-tune=generic --enable-offload-targets=nvptx-none=/build/gcc-9-Av3uEd/gcc-9-9.4.0/debian/tmp-nvptx/usr,hsa --without-cuda-driver --enable-checking=release --build=x86_64-linux-gnu --host=x86_64-linux-gnu --target=x86_64-linux-gnu
Thread model: posix
gcc version 9.4.0 (Ubuntu 9.4.0-1ubuntu1~20.04.1) 
COMPILER_PATH=/usr/lib/gcc/x86_64-linux-gnu/9/:/usr/lib/gcc/x86_64-linux-gnu/9/:/usr/lib/gcc/x86_64-linux-gnu/:/usr/lib/gcc/x86_64-linux-gnu/9/:/usr/lib/gcc/x86_64-linux-gnu/
LIBRARY_PATH=/usr/lib/gcc/x86_64-linux-gnu/9/:/usr/lib/gcc/x86_64-linux-gnu/9/../../../x86_64-linux-gnu/:/usr/lib/gcc/x86_64-linux-gnu/9/../../../../lib/:/lib/x86_64-linux-gnu/:/lib/../lib/:/usr/lib/x86_64-linux-gnu/:/usr/lib/../lib/:/usr/lib/gcc/x86_64-linux-gnu/9/../../../:/lib/:/usr/lib/
COLLECT_GCC_OPTIONS='-v' '-o' 'cmTC_01b76' '-mtune=generic' '-march=x86-64'
 /usr/lib/gcc/x86_64-linux-gnu/9/collect2 -plugin /usr/lib/gcc/x86_64-linux-gnu/9/liblto_plugin.so -plugin-opt=/usr/lib/gcc/x86_64-linux-gnu/9/lto-wrapper -plugin-opt=-fresolution=/tmp/ccpGAX2X.res -plugin-opt=-pass-through=-lgcc -plugin-opt=-pass-through=-lgcc_s -plugin-opt=-pass-through=-lc -plugin-opt=-pass-through=-lgcc -plugin-opt=-pass-through=-lgcc_s --build-id --eh-frame-hdr -m elf_x86_64 --hash-style=gnu --as-needed -dynamic-linker /lib64/ld-linux-x86-64.so.2 -pie -z now -z relro -o cmTC_01b76 /usr/lib/gcc/x86_64-linux-gnu/9/../../../x86_64-linux-gnu/Scrt1.o /usr/lib/gcc/x86_64-linux-gnu/9/../../../x86_64-linux-gnu/crti.o /usr/lib/gcc/x86_64-linux-gnu/9/crtbeginS.o -L/usr/lib/gcc/x86_64-linux-gnu/9 -L/usr/lib/gcc/x86_64-linux-gnu/9/../../../x86_64-linux-gnu -L/usr/lib/gcc/x86_64-linux-gnu/9/../../../../lib -L/lib/x86_64-linux-gnu -L/lib/../lib -L/usr/lib/x86_64-linux-gnu -L/usr/lib/../lib -L/usr/lib/gcc/x86_64-linux-gnu/9/../../.. CMakeFiles/cmTC_01b76.dir/CMakeCCompilerABI.c.o -lgcc --push-state --as-needed -lgcc_s --pop-state -lc -lgcc --push-state --as-needed -lgcc_s --pop-state /usr/lib/gcc/x86_64-linux-gnu/9/crtendS.o /usr/lib/gcc/x86_64-linux-gnu/9/../../../x86_64-linux-gnu/crtn.o
COLLECT_GCC_OPTIONS='-v' '-o' 'cmTC_01b76' '-mtune=generic' '-march=x86-64'
make[1]: Leaving directory '/home/bbordenave/personalProjects/PredictionImagesInPDF/poppler-21.09.0/build/CMakeFiles/CMakeTmp'



Parsed C implicit include dir info from above output: rv=done
  found start of include info
  found start of implicit include info
    add: [/usr/lib/gcc/x86_64-linux-gnu/9/include]
    add: [/usr/local/include]
    add: [/usr/include/x86_64-linux-gnu]
    add: [/usr/include]
  end of search list found
  collapse include dir [/usr/lib/gcc/x86_64-linux-gnu/9/include] ==> [/usr/lib/gcc/x86_64-linux-gnu/9/include]
  collapse include dir [/usr/local/include] ==> [/usr/local/include]
  collapse include dir [/usr/include/x86_64-linux-gnu] ==> [/usr/include/x86_64-linux-gnu]
  collapse include dir [/usr/include] ==> [/usr/include]
  implicit include dirs: [/usr/lib/gcc/x86_64-linux-gnu/9/include;/usr/local/include;/usr/include/x86_64-linux-gnu;/usr/include]


Parsed C implicit link information from above output:
  link line regex: [^( *|.*[/\])(ld|CMAKE_LINK_STARTFILE-NOTFOUND|([^/\]+-)?ld|collect2)[^/\]*( |$)]
  ignore line: [Change Dir: /home/bbordenave/personalProjects/PredictionImagesInPDF/poppler-21.09.0/build/CMakeFiles/CMakeTmp]
  ignore line: []
  ignore line: [Run Build Command(s):/usr/bin/make cmTC_01b76/fast && /usr/bin/make -f CMakeFiles/cmTC_01b76.dir/build.make CMakeFiles/cmTC_01b76.dir/build]
  ignore line: [make[1]: Entering directory '/home/bbordenave/personalProjects/PredictionImagesInPDF/poppler-21.09.0/build/CMakeFiles/CMakeTmp']
  ignore line: [Building C object CMakeFiles/cmTC_01b76.dir/CMakeCCompilerABI.c.o]
  ignore line: [/usr/bin/cc   -v -o CMakeFiles/cmTC_01b76.dir/CMakeCCompilerABI.c.o   -c /usr/share/cmake-3.16/Modules/CMakeCCompilerABI.c]
  ignore line: [Using built-in specs.]
  ignore line: [COLLECT_GCC=/usr/bin/cc]
  ignore line: [OFFLOAD_TARGET_NAMES=nvptx-none:hsa]
  ignore line: [OFFLOAD_TARGET_DEFAULT=1]
  ignore line: [Target: x86_64-linux-gnu]
  ignore line: [Configured with: ../src/configure -v --with-pkgversion='Ubuntu 9.4.0-1ubuntu1~20.04.1' --with-bugurl=file:///usr/share/doc/gcc-9/README.Bugs --enable-languages=c ada c++ go brig d fortran objc obj-c++ gm2 --prefix=/usr --with-gcc-major-version-only --program-suffix=-9 --program-prefix=x86_64-linux-gnu- --enable-shared --enable-linker-build-id --libexecdir=/usr/lib --without-included-gettext --enable-threads=posix --libdir=/usr/lib --enable-nls --enable-clocale=gnu --enable-libstdcxx-debug --enable-libstdcxx-time=yes --with-default-libstdcxx-abi=new --enable-gnu-unique-object --disable-vtable-verify --enable-plugin --enable-default-pie --with-system-zlib --with-target-system-zlib=auto --enable-objc-gc=auto --enable-multiarch --disable-werror --with-arch-32=i686 --with-abi=m64 --with-multilib-list=m32 m64 mx32 --enable-multilib --with-tune=generic --enable-offload-targets=nvptx-none=/build/gcc-9-Av3uEd/gcc-9-9.4.0/debian/tmp-nvptx/usr hsa --without-cuda-driver --enable-checking=release --build=x86_64-linux-gnu --host=x86_64-linux-gnu --target=x86_64-linux-gnu]
  ignore line: [Thread model: posix]
  ignore line: [gcc version 9.4.0 (Ubuntu 9.4.0-1ubuntu1~20.04.1) ]
  ignore line: [COLLECT_GCC_OPTIONS='-v' '-o' 'CMakeFiles/cmTC_01b76.dir/CMakeCCompilerABI.c.o' '-c' '-mtune=generic' '-march=x86-64']
  ignore line: [ /usr/lib/gcc/x86_64-linux-gnu/9/cc1 -quiet -v -imultiarch x86_64-linux-gnu /usr/share/cmake-3.16/Modules/CMakeCCompilerABI.c -quiet -dumpbase CMakeCCompilerABI.c -mtune=generic -march=x86-64 -auxbase-strip CMakeFiles/cmTC_01b76.dir/CMakeCCompilerABI.c.o -version -fasynchronous-unwind-tables -fstack-protector-strong -Wformat -Wformat-security -fstack-clash-protection -fcf-protection -o /tmp/cc8Yjxtu.s]
  ignore line: [GNU C17 (Ubuntu 9.4.0-1ubuntu1~20.04.1) version 9.4.0 (x86_64-linux-gnu)]
  ignore line: [	compiled by GNU C version 9.4.0  GMP version 6.2.0  MPFR version 4.0.2  MPC version 1.1.0  isl version isl-0.22.1-GMP]
  ignore line: []
  ignore line: [GGC heuristics: --param ggc-min-expand=100 --param ggc-min-heapsize=131072]
  ignore line: [ignoring nonexistent directory "/usr/local/include/x86_64-linux-gnu"]
  ignore line: [ignoring nonexistent directory "/usr/lib/gcc/x86_64-linux-gnu/9/include-fixed"]
  ignore line: [ignoring nonexistent directory "/usr/lib/gcc/x86_64-linux-gnu/9/../../../../x86_64-linux-gnu/include"]
  ignore line: [#include "..." search starts here:]
  ignore line: [#include <...> search starts here:]
  ignore line: [ /usr/lib/gcc/x86_64-linux-gnu/9/include]
  ignore line: [ /usr/local/include]
  ignore line: [ /usr/include/x86_64-linux-gnu]
  ignore line: [ /usr/include]
  ignore line: [End of search list.]
  ignore line: [GNU C17 (Ubuntu 9.4.0-1ubuntu1~20.04.1) version 9.4.0 (x86_64-linux-gnu)]
  ignore line: [	compiled by GNU C version 9.4.0  GMP version 6.2.0  MPFR version 4.0.2  MPC version 1.1.0  isl version isl-0.22.1-GMP]
  ignore line: []
  ignore line: [GGC heuristics: --param ggc-min-expand=100 --param ggc-min-heapsize=131072]
  ignore line: [Compiler executable checksum: c0c95c0b4209efec1c1892d5ff24030b]
  ignore line: [COLLECT_GCC_OPTIONS='-v' '-o' 'CMakeFiles/cmTC_01b76.dir/CMakeCCompilerABI.c.o' '-c' '-mtune=generic' '-march=x86-64']
  ignore line: [ as -v --64 -o CMakeFiles/cmTC_01b76.dir/CMakeCCompilerABI.c.o /tmp/cc8Yjxtu.s]
  ignore line: [GNU assembler version 2.34 (x86_64-linux-gnu) using BFD version (GNU Binutils for Ubuntu) 2.34]
  ignore line: [COMPILER_PATH=/usr/lib/gcc/x86_64-linux-gnu/9/:/usr/lib/gcc/x86_64-linux-gnu/9/:/usr/lib/gcc/x86_64-linux-gnu/:/usr/lib/gcc/x86_64-linux-gnu/9/:/usr/lib/gcc/x86_64-linux-gnu/]
  ignore line: [LIBRARY_PATH=/usr/lib/gcc/x86_64-linux-gnu/9/:/usr/lib/gcc/x86_64-linux-gnu/9/../../../x86_64-linux-gnu/:/usr/lib/gcc/x86_64-linux-gnu/9/../../../../lib/:/lib/x86_64-linux-gnu/:/lib/../lib/:/usr/lib/x86_64-linux-gnu/:/usr/lib/../lib/:/usr/lib/gcc/x86_64-linux-gnu/9/../../../:/lib/:/usr/lib/]
  ignore line: [COLLECT_GCC_OPTIONS='-v' '-o' 'CMakeFiles/cmTC_01b76.dir/CMakeCCompilerABI.c.o' '-c' '-mtune=generic' '-march=x86-64']
  ignore line: [Linking C executable cmTC_01b76]
  ignore line: [/usr/bin/cmake -E cmake_link_script CMakeFiles/cmTC_01b76.dir/link.txt --verbose=1]
  ignore line: [/usr/bin/cc     -v CMakeFiles/cmTC_01b76.dir/CMakeCCompilerABI.c.o  -o cmTC_01b76 ]
  ignore line: [Using built-in specs.]
  ignore line: [COLLECT_GCC=/usr/bin/cc]
  ignore line: [COLLECT_LTO_WRAPPER=/usr/lib/gcc/x86_64-linux-gnu/9/lto-wrapper]
  ignore line: [OFFLOAD_TARGET_NAMES=nvptx-none:hsa]
  ignore line: [OFFLOAD_TARGET_DEFAULT=1]
  ignore line: [Target: x86_64-linux-gnu]
  ignore line: [Configured with: ../src/configure -v --with-pkgversion='Ubuntu 9.4.0-1ubuntu1~20.04.1' --with-bugurl=file:///usr/share/doc/gcc-9/README.Bugs --enable-languages=c ada c++ go brig d fortran objc obj-c++ gm2 --prefix=/usr --with-gcc-major-version-only --program-suffix=-9 --program-prefix=x86_64-linux-gnu- --enable-shared --enable-linker-build-id --libexecdir=/usr/lib --without-included-gettext --enable-threads=posix --libdir=/usr/lib --enable-nls --enable-clocale=gnu --enable-libstdcxx-debug --enable-libstdcxx-time=yes --with-default-libstdcxx-abi=new --enable-gnu-unique-object --disable-vtable-verify --enable-plugin --enable-default-pie --with-system-zlib --with-target-system-zlib=auto --enable-objc-gc=auto --enable-multiarch --disable-werror --with-arch-32=i686 --with-abi=m64 --with-multilib-list=m32 m64 mx32 --enable-multilib --with-tune=generic --enable-offload-targets=nvptx-none=/build/gcc-9-Av3uEd/gcc-9-9.4.0/debian/tmp-nvptx/usr hsa --without-cuda-driver --enable-checking=release --build=x86_64-linux-gnu --host=x86_64-linux-gnu --target=x86_64-linux-gnu]
  ignore line: [Thread model: posix]
  ignore line: [gcc version 9.4.0 (Ubuntu 9.4.0-1ubuntu1~20.04.1) ]
  ignore line: [COMPILER_PATH=/usr/lib/gcc/x86_64-linux-gnu/9/:/usr/lib/gcc/x86_64-linux-gnu/9/:/usr/lib/gcc/x86_64-linux-gnu/:/usr/lib/gcc/x86_64-linux-gnu/9/:/usr/lib/gcc/x86_64-linux-gnu/]
  ignore line: [LIBRARY_PATH=/usr/lib/gcc/x86_64-linux-gnu/9/:/usr/lib/gcc/x86_64-linux-gnu/9/../../../x86_64-linux-gnu/:/usr/lib/gcc/x86_64-linux-gnu/9/../../../../lib/:/lib/x86_64-linux-gnu/:/lib/../lib/:/usr/lib/x86_64-linux-gnu/:/usr/lib/../lib/:/usr/lib/gcc/x86_64-linux-gnu/9/../../../:/lib/:/usr/lib/]
  ignore line: [COLLECT_GCC_OPTIONS='-v' '-o' 'cmTC_01b76' '-mtune=generic' '-march=x86-64']
  link line: [ /usr/lib/gcc/x86_64-linux-gnu/9/collect2 -plugin /usr/lib/gcc/x86_64-linux-gnu/9/liblto_plugin.so -plugin-opt=/usr/lib/gcc/x86_64-linux-gnu/9/lto-wrapper -plugin-opt=-fresolution=/tmp/ccpGAX2X.res -plugin-opt=-pass-through=-lgcc -plugin-opt=-pass-through=-lgcc_s -plugin-opt=-pass-through=-lc -plugin-opt=-pass-through=-lgcc -plugin-opt=-pass-through=-lgcc_s --build-id --eh-frame-hdr -m elf_x86_64 --hash-style=gnu --as-needed -dynamic-linker /lib64/ld-linux-x86-64.so.2 -pie -z now -z relro -o cmTC_01b76 /usr/lib/gcc/x86_64-linux-gnu/9/../../../x86_64-linux-gnu/Scrt1.o /usr/lib/gcc/x86_64-linux-gnu/9/../../../x86_64-linux-gnu/crti.o /usr/lib/gcc/x86_64-linux-gnu/9/crtbeginS.o -L/usr/lib/gcc/x86_64-linux-gnu/9 -L/usr/lib/gcc/x86_64-linux-gnu/9/../../../x86_64-linux-gnu -L/usr/lib/gcc/x86_64-linux-gnu/9/../../../../lib -L/lib/x86_64-linux-gnu -L/lib/../lib -L/usr/lib/x86_64-linux-gnu -L/usr/lib/../lib -L/usr/lib/gcc/x86_64-linux-gnu/9/../../.. CMakeFiles/cmTC_01b76.dir/CMakeCCompilerABI.c.o -lgcc --push-state --as-needed -lgcc_s --pop-state -lc -lgcc --push-state --as-needed -lgcc_s --pop-state /usr/lib/gcc/x86_64-linux-gnu/9/crtendS.o /usr/lib/gcc/x86_64-linux-gnu/9/../../../x86_64-linux-gnu/crtn.o]
    arg [/usr/lib/gcc/x86_64-linux-gnu/9/collect2] ==> ignore
    arg [-plugin] ==> ignore
    arg [/usr/lib/gcc/x86_64-linux-gnu/9/liblto_plugin.so] ==> ignore
    arg [-plugin-opt=/usr/lib/gcc/x86_64-linux-gnu/9/lto-wrapper] ==> ignore
    arg [-plugin-opt=-fresolution=/tmp/ccpGAX2X.res] ==> ignore
    arg [-plugin-opt=-pass-through=-lgcc] ==> ignore
    arg [-plugin-opt=-pass-through=-lgcc_s] ==> ignore
    arg [-plugin-opt=-pass-through=-lc] ==> ignore
    arg [-plugin-opt=-pass-through=-lgcc] ==> ignore
    arg [-plugin-opt=-pass-through=-lgcc_s] ==> ignore
    arg [--build-id] ==> ignore
    arg [--eh-frame-hdr] ==> ignore
    arg [-m] ==> ignore
    arg [elf_x86_64] ==> ignore
    arg [--hash-style=gnu] ==> ignore
    arg [--as-needed] ==> ignore
    arg [-dynamic-linker] ==> ignore
    arg [/lib64/ld-linux-x86-64.so.2] ==> ignore
    arg [-pie] ==> ignore
    arg [-znow] ==> ignore
    arg [-zrelro] ==> ignore
    arg [-o] ==> ignore
    arg [cmTC_01b76] ==> ignore
    arg [/usr/lib/gcc/x86_64-linux-gnu/9/../../../x86_64-linux-gnu/Scrt1.o] ==> ignore
    arg [/usr/lib/gcc/x86_64-linux-gnu/9/../../../x86_64-linux-gnu/crti.o] ==> ignore
    arg [/usr/lib/gcc/x86_64-linux-gnu/9/crtbeginS.o] ==> ignore
    arg [-L/usr/lib/gcc/x86_64-linux-gnu/9] ==> dir [/usr/lib/gcc/x86_64-linux-gnu/9]
    arg [-L/usr/lib/gcc/x86_64-linux-gnu/9/../../../x86_64-linux-gnu] ==> dir [/usr/lib/gcc/x86_64-linux-gnu/9/../../../x86_64-linux-gnu]
    arg [-L/usr/lib/gcc/x86_64-linux-gnu/9/../../../../lib] ==> dir [/usr/lib/gcc/x86_64-linux-gnu/9/../../../../lib]
    arg [-L/lib/x86_64-linux-gnu] ==> dir [/lib/x86_64-linux-gnu]
    arg [-L/lib/../lib] ==> dir [/lib/../lib]
    arg [-L/usr/lib/x86_64-linux-gnu] ==> dir [/usr/lib/x86_64-linux-gnu]
    arg [-L/usr/lib/../lib] ==> dir [/usr/lib/../lib]
    arg [-L/usr/lib/gcc/x86_64-linux-gnu/9/../../..] ==> dir [/usr/lib/gcc/x86_64-linux-gnu/9/../../..]
    arg [CMakeFiles/cmTC_01b76.dir/CMakeCCompilerABI.c.o] ==> ignore
    arg [-lgcc] ==> lib [gcc]
    arg [--push-state] ==> ignore
    arg [--as-needed] ==> ignore
    arg [-lgcc_s] ==> lib [gcc_s]
    arg [--pop-state] ==> ignore
    arg [-lc] ==> lib [c]
    arg [-lgcc] ==> lib [gcc]
    arg [--push-state] ==> ignore
    arg [--as-needed] ==> ignore
    arg [-lgcc_s] ==> lib [gcc_s]
    arg [--pop-state] ==> ignore
    arg [/usr/lib/gcc/x86_64-linux-gnu/9/crtendS.o] ==> ignore
    arg [/usr/lib/gcc/x86_64-linux-gnu/9/../../../x86_64-linux-gnu/crtn.o] ==> ignore
  collapse library dir [/usr/lib/gcc/x86_64-linux-gnu/9] ==> [/usr/lib/gcc/x86_64-linux-gnu/9]
  collapse library dir [/usr/lib/gcc/x86_64-linux-gnu/9/../../../x86_64-linux-gnu] ==> [/usr/lib/x86_64-linux-gnu]
  collapse library dir [/usr/lib/gcc/x86_64-linux-gnu/9/../../../../lib] ==> [/usr/lib]
  collapse library dir [/lib/x86_64-linux-gnu] ==> [/lib/x86_64-linux-gnu]
  collapse library dir [/lib/../lib] ==> [/lib]
  collapse library dir [/usr/lib/x86_64-linux-gnu] ==> [/usr/lib/x86_64-linux-gnu]
  collapse library dir [/usr/lib/../lib] ==> [/usr/lib]
  collapse library dir [/usr/lib/gcc/x86_64-linux-gnu/9/../../..] ==> [/usr/lib]
  implicit libs: [gcc;gcc_s;c;gcc;gcc_s]
  implicit dirs: [/usr/lib/gcc/x86_64-linux-gnu/9;/usr/lib/x86_64-linux-gnu;/usr/lib;/lib/x86_64-linux-gnu;/lib]
  implicit fwks: []


Determining if the CXX compiler works passed with the following output:
Change Dir: /home/bbordenave/personalProjects/PredictionImagesInPDF/poppler-21.09.0/build/CMakeFiles/CMakeTmp

Run Build Command(s):/usr/bin/make cmTC_a4125/fast && /usr/bin/make -f CMakeFiles/cmTC_a4125.dir/build.make CMakeFiles/cmTC_a4125.dir/build
make[1]: Entering directory '/home/bbordenave/personalProjects/PredictionImagesInPDF/poppler-21.09.0/build/CMakeFiles/CMakeTmp'
Building CXX object CMakeFiles/cmTC_a4125.dir/testCXXCompiler.cxx.o
/usr/bin/c++     -o CMakeFiles/cmTC_a4125.dir/testCXXCompiler.cxx.o -c /home/bbordenave/personalProjects/PredictionImagesInPDF/poppler-21.09.0/build/CMakeFiles/CMakeTmp/testCXXCompiler.cxx
Linking CXX executable cmTC_a4125
/usr/bin/cmake -E cmake_link_script CMakeFiles/cmTC_a4125.dir/link.txt --verbose=1
/usr/bin/c++       CMakeFiles/cmTC_a4125.dir/testCXXCompiler.cxx.o  -o cmTC_a4125 
make[1]: Leaving directory '/home/bbordenave/personalProjects/PredictionImagesInPDF/poppler-21.09.0/build/CMakeFiles/CMakeTmp'



Detecting CXX compiler ABI info compiled with the following output:
Change Dir: /home/bbordenave/personalProjects/PredictionImagesInPDF/poppler-21.09.0/build/CMakeFiles/CMakeTmp

Run Build Command(s):/usr/bin/make cmTC_a83f5/fast && /usr/bin/make -f CMakeFiles/cmTC_a83f5.dir/build.make CMakeFiles/cmTC_a83f5.dir/build
make[1]: Entering directory '/home/bbordenave/personalProjects/PredictionImagesInPDF/poppler-21.09.0/build/CMakeFiles/CMakeTmp'
Building CXX object CMakeFiles/cmTC_a83f5.dir/CMakeCXXCompilerABI.cpp.o
/usr/bin/c++    -v -o CMakeFiles/cmTC_a83f5.dir/CMakeCXXCompilerABI.cpp.o -c /usr/share/cmake-3.16/Modules/CMakeCXXCompilerABI.cpp
Using built-in specs.
COLLECT_GCC=/usr/bin/c++
OFFLOAD_TARGET_NAMES=nvptx-none:hsa
OFFLOAD_TARGET_DEFAULT=1
Target: x86_64-linux-gnu
Configured with: ../src/configure -v --with-pkgversion='Ubuntu 9.4.0-1ubuntu1~20.04.1' --with-bugurl=file:///usr/share/doc/gcc-9/README.Bugs --enable-languages=c,ada,c++,go,brig,d,fortran,objc,obj-c++,gm2 --prefix=/usr --with-gcc-major-version-only --program-suffix=-9 --program-prefix=x86_64-linux-gnu- --enable-shared --enable-linker-build-id --libexecdir=/usr/lib --without-included-gettext --enable-threads=posix --libdir=/usr/lib --enable-nls --enable-clocale=gnu --enable-libstdcxx-debug --enable-libstdcxx-time=yes --with-default-libstdcxx-abi=new --enable-gnu-unique-object --disable-vtable-verify --enable-plugin --enable-default-pie --with-system-zlib --with-target-system-zlib=auto --enable-objc-gc=auto --enable-multiarch --disable-werror --with-arch-32=i686 --with-abi=m64 --with-multilib-list=m32,m64,mx32 --enable-multilib --with-tune=generic --enable-offload-targets=nvptx-none=/build/gcc-9-Av3uEd/gcc-9-9.4.0/debian/tmp-nvptx/usr,hsa --without-cuda-driver --enable-checking=release --build=x86_64-linux-gnu --host=x86_64-linux-gnu --target=x86_64-linux-gnu
Thread model: posix
gcc version 9.4.0 (Ubuntu 9.4.0-1ubuntu1~20.04.1) 
COLLECT_GCC_OPTIONS='-v' '-o' 'CMakeFiles/cmTC_a83f5.dir/CMakeCXXCompilerABI.cpp.o' '-c' '-shared-libgcc' '-mtune=generic' '-march=x86-64'
 /usr/lib/gcc/x86_64-linux-gnu/9/cc1plus -quiet -v -imultiarch x86_64-linux-gnu -D_GNU_SOURCE /usr/share/cmake-3.16/Modules/CMakeCXXCompilerABI.cpp -quiet -dumpbase CMakeCXXCompilerABI.cpp -mtune=generic -march=x86-64 -auxbase-strip CMakeFiles/cmTC_a83f5.dir/CMakeCXXCompilerABI.cpp.o -version -fasynchronous-unwind-tables -fstack-protector-strong -Wformat -Wformat-security -fstack-clash-protection -fcf-protection -o /tmp/cciQ5BRv.s
GNU C++14 (Ubuntu 9.4.0-1ubuntu1~20.04.1) version 9.4.0 (x86_64-linux-gnu)
	compiled by GNU C version 9.4.0, GMP version 6.2.0, MPFR version 4.0.2, MPC version 1.1.0, isl version isl-0.22.1-GMP

GGC heuristics: --param ggc-min-expand=100 --param ggc-min-heapsize=131072
ignoring duplicate directory "/usr/include/x86_64-linux-gnu/c++/9"
ignoring nonexistent directory "/usr/local/include/x86_64-linux-gnu"
ignoring nonexistent directory "/usr/lib/gcc/x86_64-linux-gnu/9/include-fixed"
ignoring nonexistent directory "/usr/lib/gcc/x86_64-linux-gnu/9/../../../../x86_64-linux-gnu/include"
#include "..." search starts here:
#include <...> search starts here:
 /usr/include/c++/9
 /usr/include/x86_64-linux-gnu/c++/9
 /usr/include/c++/9/backward
 /usr/lib/gcc/x86_64-linux-gnu/9/include
 /usr/local/include
 /usr/include/x86_64-linux-gnu
 /usr/include
End of search list.
GNU C++14 (Ubuntu 9.4.0-1ubuntu1~20.04.1) version 9.4.0 (x86_64-linux-gnu)
	compiled by GNU C version 9.4.0, GMP version 6.2.0, MPFR version 4.0.2, MPC version 1.1.0, isl version isl-0.22.1-GMP

GGC heuristics: --param ggc-min-expand=100 --param ggc-min-heapsize=131072
Compiler executable checksum: 65fe925b83d3956b533de4aaba7dace0
COLLECT_GCC_OPTIONS='-v' '-o' 'CMakeFiles/cmTC_a83f5.dir/CMakeCXXCompilerABI.cpp.o' '-c' '-shared-libgcc' '-mtune=generic' '-march=x86-64'
 as -v --64 -o CMakeFiles/cmTC_a83f5.dir/CMakeCXXCompilerABI.cpp.o /tmp/cciQ5BRv.s
GNU assembler version 2.34 (x86_64-linux-gnu) using BFD version (GNU Binutils for Ubuntu) 2.34
COMPILER_PATH=/usr/lib/gcc/x86_64-linux-gnu/9/:/usr/lib/gcc/x86_64-linux-gnu/9/:/usr/lib/gcc/x86_64-linux-gnu/:/usr/lib/gcc/x86_64-linux-gnu/9/:/usr/lib/gcc/x86_64-linux-gnu/
LIBRARY_PATH=/usr/lib/gcc/x86_64-linux-gnu/9/:/usr/lib/gcc/x86_64-linux-gnu/9/../../../x86_64-linux-gnu/:/usr/lib/gcc/x86_64-linux-gnu/9/../../../../lib/:/lib/x86_64-linux-gnu/:/lib/../lib/:/usr/lib/x86_64-linux-gnu/:/usr/lib/../lib/:/usr/lib/gcc/x86_64-linux-gnu/9/../../../:/lib/:/usr/lib/
COLLECT_GCC_OPTIONS='-v' '-o' 'CMakeFiles/cmTC_a83f5.dir/CMakeCXXCompilerABI.cpp.o' '-c' '-shared-libgcc' '-mtune=generic' '-march=x86-64'
Linking CXX executable cmTC_a83f5
/usr/bin/cmake -E cmake_link_script CMakeFiles/cmTC_a83f5.dir/link.txt --verbose=1
/usr/bin/c++      -v CMakeFiles/cmTC_a83f5.dir/CMakeCXXCompilerABI.cpp.o  -o cmTC_a83f5 
Using built-in specs.
COLLECT_GCC=/usr/bin/c++
COLLECT_LTO_WRAPPER=/usr/lib/gcc/x86_64-linux-gnu/9/lto-wrapper
OFFLOAD_TARGET_NAMES=nvptx-none:hsa
OFFLOAD_TARGET_DEFAULT=1
Target: x86_64-linux-gnu
Configured with: ../src/configure -v --with-pkgversion='Ubuntu 9.4.0-1ubuntu1~20.04.1' --with-bugurl=file:///usr/share/doc/gcc-9/README.Bugs --enable-languages=c,ada,c++,go,brig,d,fortran,objc,obj-c++,gm2 --prefix=/usr --with-gcc-major-version-only --program-suffix=-9 --program-prefix=x86_64-linux-gnu- --enable-shared --enable-linker-build-id --libexecdir=/usr/lib --without-included-gettext --enable-threads=posix --libdir=/usr/lib --enable-nls --enable-clocale=gnu --enable-libstdcxx-debug --enable-libstdcxx-time=yes --with-default-libstdcxx-abi=new --enable-gnu-unique-object --disable-vtable-verify --enable-plugin --enable-default-pie --with-system-zlib --with-target-system-zlib=auto --enable-objc-gc=auto --enable-multiarch --disable-werror --with-arch-32=i686 --with-abi=m64 --with-multilib-list=m32,m64,mx32 --enable-multilib --with-tune=generic --enable-offload-targets=nvptx-none=/build/gcc-9-Av3uEd/gcc-9-9.4.0/debian/tmp-nvptx/usr,hsa --without-cuda-driver --enable-checking=release --build=x86_64-linux-gnu --host=x86_64-linux-gnu --target=x86_64-linux-gnu
Thread model: posix
gcc version 9.4.0 (Ubuntu 9.4.0-1ubuntu1~20.04.1) 
COMPILER_PATH=/usr/lib/gcc/x86_64-linux-gnu/9/:/usr/lib/gcc/x86_64-linux-gnu/9/:/usr/lib/gcc/x86_64-linux-gnu/:/usr/lib/gcc/x86_64-linux-gnu/9/:/usr/lib/gcc/x86_64-linux-gnu/
LIBRARY_PATH=/usr/lib/gcc/x86_64-linux-gnu/9/:/usr/lib/gcc/x86_64-linux-gnu/9/../../../x86_64-linux-gnu/:/usr/lib/gcc/x86_64-linux-gnu/9/../../../../lib/:/lib/x86_64-linux-gnu/:/lib/../lib/:/usr/lib/x86_64-linux-gnu/:/usr/lib/../lib/:/usr/lib/gcc/x86_64-linux-gnu/9/../../../:/lib/:/usr/lib/
COLLECT_GCC_OPTIONS='-v' '-o' 'cmTC_a83f5' '-shared-libgcc' '-mtune=generic' '-march=x86-64'
 /usr/lib/gcc/x86_64-linux-gnu/9/collect2 -plugin /usr/lib/gcc/x86_64-linux-gnu/9/liblto_plugin.so -plugin-opt=/usr/lib/gcc/x86_64-linux-gnu/9/lto-wrapper -plugin-opt=-fresolution=/tmp/ccNuvT0X.res -plugin-opt=-pass-through=-lgcc_s -plugin-opt=-pass-through=-lgcc -plugin-opt=-pass-through=-lc -plugin-opt=-pass-through=-lgcc_s -plugin-opt=-pass-through=-lgcc --build-id --eh-frame-hdr -m elf_x86_64 --hash-style=gnu --as-needed -dynamic-linker /lib64/ld-linux-x86-64.so.2 -pie -z now -z relro -o cmTC_a83f5 /usr/lib/gcc/x86_64-linux-gnu/9/../../../x86_64-linux-gnu/Scrt1.o /usr/lib/gcc/x86_64-linux-gnu/9/../../../x86_64-linux-gnu/crti.o /usr/lib/gcc/x86_64-linux-gnu/9/crtbeginS.o -L/usr/lib/gcc/x86_64-linux-gnu/9 -L/usr/lib/gcc/x86_64-linux-gnu/9/../../../x86_64-linux-gnu -L/usr/lib/gcc/x86_64-linux-gnu/9/../../../../lib -L/lib/x86_64-linux-gnu -L/lib/../lib -L/usr/lib/x86_64-linux-gnu -L/usr/lib/../lib -L/usr/lib/gcc/x86_64-linux-gnu/9/../../.. CMakeFiles/cmTC_a83f5.dir/CMakeCXXCompilerABI.cpp.o -lstdc++ -lm -lgcc_s -lgcc -lc -lgcc_s -lgcc /usr/lib/gcc/x86_64-linux-gnu/9/crtendS.o /usr/lib/gcc/x86_64-linux-gnu/9/../../../x86_64-linux-gnu/crtn.o
COLLECT_GCC_OPTIONS='-v' '-o' 'cmTC_a83f5' '-shared-libgcc' '-mtune=generic' '-march=x86-64'
make[1]: Leaving directory '/home/bbordenave/personalProjects/PredictionImagesInPDF/poppler-21.09.0/build/CMakeFiles/CMakeTmp'



Parsed CXX implicit include dir info from above output: rv=done
  found start of include info
  found start of implicit include info
    add: [/usr/include/c++/9]
    add: [/usr/include/x86_64-linux-gnu/c++/9]
    add: [/usr/include/c++/9/backward]
    add: [/usr/lib/gcc/x86_64-linux-gnu/9/include]
    add: [/usr/local/include]
    add: [/usr/include/x86_64-linux-gnu]
    add: [/usr/include]
  end of search list found
  collapse include dir [/usr/include/c++/9] ==> [/usr/include/c++/9]
  collapse include dir [/usr/include/x86_64-linux-gnu/c++/9] ==> [/usr/include/x86_64-linux-gnu/c++/9]
  collapse include dir [/usr/include/c++/9/backward] ==> [/usr/include/c++/9/backward]
  collapse include dir [/usr/lib/gcc/x86_64-linux-gnu/9/include] ==> [/usr/lib/gcc/x86_64-linux-gnu/9/include]
  collapse include dir [/usr/local/include] ==> [/usr/local/include]
  collapse include dir [/usr/include/x86_64-linux-gnu] ==> [/usr/include/x86_64-linux-gnu]
  collapse include dir [/usr/include] ==> [/usr/include]
  implicit include dirs: [/usr/include/c++/9;/usr/include/x86_64-linux-gnu/c++/9;/usr/include/c++/9/backward;/usr/lib/gcc/x86_64-linux-gnu/9/include;/usr/local/include;/usr/include/x86_64-linux-gnu;/usr/include]


Parsed CXX implicit link information from above output:
  link line regex: [^( *|.*[/\])(ld|CMAKE_LINK_STARTFILE-NOTFOUND|([^/\]+-)?ld|collect2)[^/\]*( |$)]
  ignore line: [Change Dir: /home/bbordenave/personalProjects/PredictionImagesInPDF/poppler-21.09.0/build/CMakeFiles/CMakeTmp]
  ignore line: []
  ignore line: [Run Build Command(s):/usr/bin/make cmTC_a83f5/fast && /usr/bin/make -f CMakeFiles/cmTC_a83f5.dir/build.make CMakeFiles/cmTC_a83f5.dir/build]
  ignore line: [make[1]: Entering directory '/home/bbordenave/personalProjects/PredictionImagesInPDF/poppler-21.09.0/build/CMakeFiles/CMakeTmp']
  ignore line: [Building CXX object CMakeFiles/cmTC_a83f5.dir/CMakeCXXCompilerABI.cpp.o]
  ignore line: [/usr/bin/c++    -v -o CMakeFiles/cmTC_a83f5.dir/CMakeCXXCompilerABI.cpp.o -c /usr/share/cmake-3.16/Modules/CMakeCXXCompilerABI.cpp]
  ignore line: [Using built-in specs.]
  ignore line: [COLLECT_GCC=/usr/bin/c++]
  ignore line: [OFFLOAD_TARGET_NAMES=nvptx-none:hsa]
  ignore line: [OFFLOAD_TARGET_DEFAULT=1]
  ignore line: [Target: x86_64-linux-gnu]
  ignore line: [Configured with: ../src/configure -v --with-pkgversion='Ubuntu 9.4.0-1ubuntu1~20.04.1' --with-bugurl=file:///usr/share/doc/gcc-9/README.Bugs --enable-languages=c ada c++ go brig d fortran objc obj-c++ gm2 --prefix=/usr --with-gcc-major-version-only --program-suffix=-9 --program-prefix=x86_64-linux-gnu- --enable-shared --enable-linker-build-id --libexecdir=/usr/lib --without-included-gettext --enable-threads=posix --libdir=/usr/lib --enable-nls --enable-clocale=gnu --enable-libstdcxx-debug --enable-libstdcxx-time=yes --with-default-libstdcxx-abi=new --enable-gnu-unique-object --disable-vtable-verify --enable-plugin --enable-default-pie --with-system-zlib --with-target-system-zlib=auto --enable-objc-gc=auto --enable-multiarch --disable-werror --with-arch-32=i686 --with-abi=m64 --with-multilib-list=m32 m64 mx32 --enable-multilib --with-tune=generic --enable-offload-targets=nvptx-none=/build/gcc-9-Av3uEd/gcc-9-9.4.0/debian/tmp-nvptx/usr hsa --without-cuda-driver --enable-checking=release --build=x86_64-linux-gnu --host=x86_64-linux-gnu --target=x86_64-linux-gnu]
  ignore line: [Thread model: posix]
  ignore line: [gcc version 9.4.0 (Ubuntu 9.4.0-1ubuntu1~20.04.1) ]
  ignore line: [COLLECT_GCC_OPTIONS='-v' '-o' 'CMakeFiles/cmTC_a83f5.dir/CMakeCXXCompilerABI.cpp.o' '-c' '-shared-libgcc' '-mtune=generic' '-march=x86-64']
  ignore line: [ /usr/lib/gcc/x86_64-linux-gnu/9/cc1plus -quiet -v -imultiarch x86_64-linux-gnu -D_GNU_SOURCE /usr/share/cmake-3.16/Modules/CMakeCXXCompilerABI.cpp -quiet -dumpbase CMakeCXXCompilerABI.cpp -mtune=generic -march=x86-64 -auxbase-strip CMakeFiles/cmTC_a83f5.dir/CMakeCXXCompilerABI.cpp.o -version -fasynchronous-unwind-tables -fstack-protector-strong -Wformat -Wformat-security -fstack-clash-protection -fcf-protection -o /tmp/cciQ5BRv.s]
  ignore line: [GNU C++14 (Ubuntu 9.4.0-1ubuntu1~20.04.1) version 9.4.0 (x86_64-linux-gnu)]
  ignore line: [	compiled by GNU C version 9.4.0  GMP version 6.2.0  MPFR version 4.0.2  MPC version 1.1.0  isl version isl-0.22.1-GMP]
  ignore line: []
  ignore line: [GGC heuristics: --param ggc-min-expand=100 --param ggc-min-heapsize=131072]
  ignore line: [ignoring duplicate directory "/usr/include/x86_64-linux-gnu/c++/9"]
  ignore line: [ignoring nonexistent directory "/usr/local/include/x86_64-linux-gnu"]
  ignore line: [ignoring nonexistent directory "/usr/lib/gcc/x86_64-linux-gnu/9/include-fixed"]
  ignore line: [ignoring nonexistent directory "/usr/lib/gcc/x86_64-linux-gnu/9/../../../../x86_64-linux-gnu/include"]
  ignore line: [#include "..." search starts here:]
  ignore line: [#include <...> search starts here:]
  ignore line: [ /usr/include/c++/9]
  ignore line: [ /usr/include/x86_64-linux-gnu/c++/9]
  ignore line: [ /usr/include/c++/9/backward]
  ignore line: [ /usr/lib/gcc/x86_64-linux-gnu/9/include]
  ignore line: [ /usr/local/include]
  ignore line: [ /usr/include/x86_64-linux-gnu]
  ignore line: [ /usr/include]
  ignore line: [End of search list.]
  ignore line: [GNU C++14 (Ubuntu 9.4.0-1ubuntu1~20.04.1) version 9.4.0 (x86_64-linux-gnu)]
  ignore line: [	compiled by GNU C version 9.4.0  GMP version 6.2.0  MPFR version 4.0.2  MPC version 1.1.0  isl version isl-0.22.1-GMP]
  ignore line: []
  ignore line: [GGC heuristics: --param ggc-min-expand=100 --param ggc-min-heapsize=131072]
  ignore line: [Compiler executable checksum: 65fe925b83d3956b533de4aaba7dace0]
  ignore line: [COLLECT_GCC_OPTIONS='-v' '-o' 'CMakeFiles/cmTC_a83f5.dir/CMakeCXXCompilerABI.cpp.o' '-c' '-shared-libgcc' '-mtune=generic' '-march=x86-64']
  ignore line: [ as -v --64 -o CMakeFiles/cmTC_a83f5.dir/CMakeCXXCompilerABI.cpp.o /tmp/cciQ5BRv.s]
  ignore line: [GNU assembler version 2.34 (x86_64-linux-gnu) using BFD version (GNU Binutils for Ubuntu) 2.34]
  ignore line: [COMPILER_PATH=/usr/lib/gcc/x86_64-linux-gnu/9/:/usr/lib/gcc/x86_64-linux-gnu/9/:/usr/lib/gcc/x86_64-linux-gnu/:/usr/lib/gcc/x86_64-linux-gnu/9/:/usr/lib/gcc/x86_64-linux-gnu/]
  ignore line: [LIBRARY_PATH=/usr/lib/gcc/x86_64-linux-gnu/9/:/usr/lib/gcc/x86_64-linux-gnu/9/../../../x86_64-linux-gnu/:/usr/lib/gcc/x86_64-linux-gnu/9/../../../../lib/:/lib/x86_64-linux-gnu/:/lib/../lib/:/usr/lib/x86_64-linux-gnu/:/usr/lib/../lib/:/usr/lib/gcc/x86_64-linux-gnu/9/../../../:/lib/:/usr/lib/]
  ignore line: [COLLECT_GCC_OPTIONS='-v' '-o' 'CMakeFiles/cmTC_a83f5.dir/CMakeCXXCompilerABI.cpp.o' '-c' '-shared-libgcc' '-mtune=generic' '-march=x86-64']
  ignore line: [Linking CXX executable cmTC_a83f5]
  ignore line: [/usr/bin/cmake -E cmake_link_script CMakeFiles/cmTC_a83f5.dir/link.txt --verbose=1]
  ignore line: [/usr/bin/c++      -v CMakeFiles/cmTC_a83f5.dir/CMakeCXXCompilerABI.cpp.o  -o cmTC_a83f5 ]
  ignore line: [Using built-in specs.]
  ignore line: [COLLECT_GCC=/usr/bin/c++]
  ignore line: [COLLECT_LTO_WRAPPER=/usr/lib/gcc/x86_64-linux-gnu/9/lto-wrapper]
  ignore line: [OFFLOAD_TARGET_NAMES=nvptx-none:hsa]
  ignore line: [OFFLOAD_TARGET_DEFAULT=1]
  ignore line: [Target: x86_64-linux-gnu]
  ignore line: [Configured with: ../src/configure -v --with-pkgversion='Ubuntu 9.4.0-1ubuntu1~20.04.1' --with-bugurl=file:///usr/share/doc/gcc-9/README.Bugs --enable-languages=c ada c++ go brig d fortran objc obj-c++ gm2 --prefix=/usr --with-gcc-major-version-only --program-suffix=-9 --program-prefix=x86_64-linux-gnu- --enable-shared --enable-linker-build-id --libexecdir=/usr/lib --without-included-gettext --enable-threads=posix --libdir=/usr/lib --enable-nls --enable-clocale=gnu --enable-libstdcxx-debug --enable-libstdcxx-time=yes --with-default-libstdcxx-abi=new --enable-gnu-unique-object --disable-vtable-verify --enable-plugin --enable-default-pie --with-system-zlib --with-target-system-zlib=auto --enable-objc-gc=auto --enable-multiarch --disable-werror --with-arch-32=i686 --with-abi=m64 --with-multilib-list=m32 m64 mx32 --enable-multilib --with-tune=generic --enable-offload-targets=nvptx-none=/build/gcc-9-Av3uEd/gcc-9-9.4.0/debian/tmp-nvptx/usr hsa --without-cuda-driver --enable-checking=release --build=x86_64-linux-gnu --host=x86_64-linux-gnu --target=x86_64-linux-gnu]
  ignore line: [Thread model: posix]
  ignore line: [gcc version 9.4.0 (Ubuntu 9.4.0-1ubuntu1~20.04.1) ]
  ignore line: [COMPILER_PATH=/usr/lib/gcc/x86_64-linux-gnu/9/:/usr/lib/gcc/x86_64-linux-gnu/9/:/usr/lib/gcc/x86_64-linux-gnu/:/usr/lib/gcc/x86_64-linux-gnu/9/:/usr/lib/gcc/x86_64-linux-gnu/]
  ignore line: [LIBRARY_PATH=/usr/lib/gcc/x86_64-linux-gnu/9/:/usr/lib/gcc/x86_64-linux-gnu/9/../../../x86_64-linux-gnu/:/usr/lib/gcc/x86_64-linux-gnu/9/../../../../lib/:/lib/x86_64-linux-gnu/:/lib/../lib/:/usr/lib/x86_64-linux-gnu/:/usr/lib/../lib/:/usr/lib/gcc/x86_64-linux-gnu/9/../../../:/lib/:/usr/lib/]
  ignore line: [COLLECT_GCC_OPTIONS='-v' '-o' 'cmTC_a83f5' '-shared-libgcc' '-mtune=generic' '-march=x86-64']
  link line: [ /usr/lib/gcc/x86_64-linux-gnu/9/collect2 -plugin /usr/lib/gcc/x86_64-linux-gnu/9/liblto_plugin.so -plugin-opt=/usr/lib/gcc/x86_64-linux-gnu/9/lto-wrapper -plugin-opt=-fresolution=/tmp/ccNuvT0X.res -plugin-opt=-pass-through=-lgcc_s -plugin-opt=-pass-through=-lgcc -plugin-opt=-pass-through=-lc -plugin-opt=-pass-through=-lgcc_s -plugin-opt=-pass-through=-lgcc --build-id --eh-frame-hdr -m elf_x86_64 --hash-style=gnu --as-needed -dynamic-linker /lib64/ld-linux-x86-64.so.2 -pie -z now -z relro -o cmTC_a83f5 /usr/lib/gcc/x86_64-linux-gnu/9/../../../x86_64-linux-gnu/Scrt1.o /usr/lib/gcc/x86_64-linux-gnu/9/../../../x86_64-linux-gnu/crti.o /usr/lib/gcc/x86_64-linux-gnu/9/crtbeginS.o -L/usr/lib/gcc/x86_64-linux-gnu/9 -L/usr/lib/gcc/x86_64-linux-gnu/9/../../../x86_64-linux-gnu -L/usr/lib/gcc/x86_64-linux-gnu/9/../../../../lib -L/lib/x86_64-linux-gnu -L/lib/../lib -L/usr/lib/x86_64-linux-gnu -L/usr/lib/../lib -L/usr/lib/gcc/x86_64-linux-gnu/9/../../.. CMakeFiles/cmTC_a83f5.dir/CMakeCXXCompilerABI.cpp.o -lstdc++ -lm -lgcc_s -lgcc -lc -lgcc_s -lgcc /usr/lib/gcc/x86_64-linux-gnu/9/crtendS.o /usr/lib/gcc/x86_64-linux-gnu/9/../../../x86_64-linux-gnu/crtn.o]
    arg [/usr/lib/gcc/x86_64-linux-gnu/9/collect2] ==> ignore
    arg [-plugin] ==> ignore
    arg [/usr/lib/gcc/x86_64-linux-gnu/9/liblto_plugin.so] ==> ignore
    arg [-plugin-opt=/usr/lib/gcc/x86_64-linux-gnu/9/lto-wrapper] ==> ignore
    arg [-plugin-opt=-fresolution=/tmp/ccNuvT0X.res] ==> ignore
    arg [-plugin-opt=-pass-through=-lgcc_s] ==> ignore
    arg [-plugin-opt=-pass-through=-lgcc] ==> ignore
    arg [-plugin-opt=-pass-through=-lc] ==> ignore
    arg [-plugin-opt=-pass-through=-lgcc_s] ==> ignore
    arg [-plugin-opt=-pass-through=-lgcc] ==> ignore
    arg [--build-id] ==> ignore
    arg [--eh-frame-hdr] ==> ignore
    arg [-m] ==> ignore
    arg [elf_x86_64] ==> ignore
    arg [--hash-style=gnu] ==> ignore
    arg [--as-needed] ==> ignore
    arg [-dynamic-linker] ==> ignore
    arg [/lib64/ld-linux-x86-64.so.2] ==> ignore
    arg [-pie] ==> ignore
    arg [-znow] ==> ignore
    arg [-zrelro] ==> ignore
    arg [-o] ==> ignore
    arg [cmTC_a83f5] ==> ignore
    arg [/usr/lib/gcc/x86_64-linux-gnu/9/../../../x86_64-linux-gnu/Scrt1.o] ==> ignore
    arg [/usr/lib/gcc/x86_64-linux-gnu/9/../../../x86_64-linux-gnu/crti.o] ==> ignore
    arg [/usr/lib/gcc/x86_64-linux-gnu/9/crtbeginS.o] ==> ignore
    arg [-L/usr/lib/gcc/x86_64-linux-gnu/9] ==> dir [/usr/lib/gcc/x86_64-linux-gnu/9]
    arg [-L/usr/lib/gcc/x86_64-linux-gnu/9/../../../x86_64-linux-gnu] ==> dir [/usr/lib/gcc/x86_64-linux-gnu/9/../../../x86_64-linux-gnu]
    arg [-L/usr/lib/gcc/x86_64-linux-gnu/9/../../../../lib] ==> dir [/usr/lib/gcc/x86_64-linux-gnu/9/../../../../lib]
    arg [-L/lib/x86_64-linux-gnu] ==> dir [/lib/x86_64-linux-gnu]
    arg [-L/lib/../lib] ==> dir [/lib/../lib]
    arg [-L/usr/lib/x86_64-linux-gnu] ==> dir [/usr/lib/x86_64-linux-gnu]
    arg [-L/usr/lib/../lib] ==> dir [/usr/lib/../lib]
    arg [-L/usr/lib/gcc/x86_64-linux-gnu/9/../../..] ==> dir [/usr/lib/gcc/x86_64-linux-gnu/9/../../..]
    arg [CMakeFiles/cmTC_a83f5.dir/CMakeCXXCompilerABI.cpp.o] ==> ignore
    arg [-lstdc++] ==> lib [stdc++]
    arg [-lm] ==> lib [m]
    arg [-lgcc_s] ==> lib [gcc_s]
    arg [-lgcc] ==> lib [gcc]
    arg [-lc] ==> lib [c]
    arg [-lgcc_s] ==> lib [gcc_s]
    arg [-lgcc] ==> lib [gcc]
    arg [/usr/lib/gcc/x86_64-linux-gnu/9/crtendS.o] ==> ignore
    arg [/usr/lib/gcc/x86_64-linux-gnu/9/../../../x86_64-linux-gnu/crtn.o] ==> ignore
  collapse library dir [/usr/lib/gcc/x86_64-linux-gnu/9] ==> [/usr/lib/gcc/x86_64-linux-gnu/9]
  collapse library dir [/usr/lib/gcc/x86_64-linux-gnu/9/../../../x86_64-linux-gnu] ==> [/usr/lib/x86_64-linux-gnu]
  collapse library dir [/usr/lib/gcc/x86_64-linux-gnu/9/../../../../lib] ==> [/usr/lib]
  collapse library dir [/lib/x86_64-linux-gnu] ==> [/lib/x86_64-linux-gnu]
  collapse library dir [/lib/../lib] ==> [/lib]
  collapse library dir [/usr/lib/x86_64-linux-gnu] ==> [/usr/lib/x86_64-linux-gnu]
  collapse library dir [/usr/lib/../lib] ==> [/usr/lib]
  collapse library dir [/usr/lib/gcc/x86_64-linux-gnu/9/../../..] ==> [/usr/lib]
  implicit libs: [stdc++;m;gcc_s;gcc;c;gcc_s;gcc]
  implicit dirs: [/usr/lib/gcc/x86_64-linux-gnu/9;/usr/lib/x86_64-linux-gnu;/usr/lib;/lib/x86_64-linux-gnu;/lib]
  implicit fwks: []


Performing C++ SOURCE FILE Test GCC_HAS_AS_NEEDED succeeded with the following output:
Change Dir: /home/bbordenave/personalProjects/PredictionImagesInPDF/poppler-21.09.0/build/CMakeFiles/CMakeTmp

Run Build Command(s):/usr/bin/make cmTC_9301c/fast && /usr/bin/make -f CMakeFiles/cmTC_9301c.dir/build.make CMakeFiles/cmTC_9301c.dir/build
make[1]: Entering directory '/home/bbordenave/personalProjects/PredictionImagesInPDF/poppler-21.09.0/build/CMakeFiles/CMakeTmp'
Building CXX object CMakeFiles/cmTC_9301c.dir/src.cxx.o
/usr/bin/c++    -fno-exceptions -fno-check-new -fno-common -fno-operator-names -D_DEFAULT_SOURCE -DGCC_HAS_AS_NEEDED   -o CMakeFiles/cmTC_9301c.dir/src.cxx.o -c /home/bbordenave/personalProjects/PredictionImagesInPDF/poppler-21.09.0/build/CMakeFiles/CMakeTmp/src.cxx
Linking CXX executable cmTC_9301c
/usr/bin/cmake -E cmake_link_script CMakeFiles/cmTC_9301c.dir/link.txt --verbose=1
/usr/bin/c++  -fno-exceptions -fno-check-new -fno-common -fno-operator-names -D_DEFAULT_SOURCE -DGCC_HAS_AS_NEEDED    CMakeFiles/cmTC_9301c.dir/src.cxx.o  -o cmTC_9301c  -Wl,--as-needed 
make[1]: Leaving directory '/home/bbordenave/personalProjects/PredictionImagesInPDF/poppler-21.09.0/build/CMakeFiles/CMakeTmp'


Source file was:
int main() { return 0; }
Determining if the include file pthread.h exists passed with the following output:
Change Dir: /home/bbordenave/personalProjects/PredictionImagesInPDF/poppler-21.09.0/build/CMakeFiles/CMakeTmp

Run Build Command(s):/usr/bin/make cmTC_1f9fb/fast && /usr/bin/make -f CMakeFiles/cmTC_1f9fb.dir/build.make CMakeFiles/cmTC_1f9fb.dir/build
make[1]: Entering directory '/home/bbordenave/personalProjects/PredictionImagesInPDF/poppler-21.09.0/build/CMakeFiles/CMakeTmp'
Building C object CMakeFiles/cmTC_1f9fb.dir/CheckIncludeFile.c.o
/usr/bin/cc   -std=c99 -D_DEFAULT_SOURCE  -O2 -DNDEBUG    -o CMakeFiles/cmTC_1f9fb.dir/CheckIncludeFile.c.o   -c /home/bbordenave/personalProjects/PredictionImagesInPDF/poppler-21.09.0/build/CMakeFiles/CMakeTmp/CheckIncludeFile.c
Linking C executable cmTC_1f9fb
/usr/bin/cmake -E cmake_link_script CMakeFiles/cmTC_1f9fb.dir/link.txt --verbose=1
/usr/bin/cc -std=c99 -D_DEFAULT_SOURCE  -O2 -DNDEBUG    -Wl,--as-needed  CMakeFiles/cmTC_1f9fb.dir/CheckIncludeFile.c.o  -o cmTC_1f9fb 
make[1]: Leaving directory '/home/bbordenave/personalProjects/PredictionImagesInPDF/poppler-21.09.0/build/CMakeFiles/CMakeTmp'



Determining if the include file sys/types.h exists passed with the following output:
Change Dir: /home/bbordenave/personalProjects/PredictionImagesInPDF/poppler-21.09.0/build/CMakeFiles/CMakeTmp

Run Build Command(s):/usr/bin/make cmTC_2431b/fast && /usr/bin/make -f CMakeFiles/cmTC_2431b.dir/build.make CMakeFiles/cmTC_2431b.dir/build
make[1]: Entering directory '/home/bbordenave/personalProjects/PredictionImagesInPDF/poppler-21.09.0/build/CMakeFiles/CMakeTmp'
Building C object CMakeFiles/cmTC_2431b.dir/CheckIncludeFile.c.o
/usr/bin/cc   -std=c99 -D_DEFAULT_SOURCE  -O2 -DNDEBUG    -o CMakeFiles/cmTC_2431b.dir/CheckIncludeFile.c.o   -c /home/bbordenave/personalProjects/PredictionImagesInPDF/poppler-21.09.0/build/CMakeFiles/CMakeTmp/CheckIncludeFile.c
Linking C executable cmTC_2431b
/usr/bin/cmake -E cmake_link_script CMakeFiles/cmTC_2431b.dir/link.txt --verbose=1
/usr/bin/cc -std=c99 -D_DEFAULT_SOURCE  -O2 -DNDEBUG    -Wl,--as-needed  CMakeFiles/cmTC_2431b.dir/CheckIncludeFile.c.o  -o cmTC_2431b 
make[1]: Leaving directory '/home/bbordenave/personalProjects/PredictionImagesInPDF/poppler-21.09.0/build/CMakeFiles/CMakeTmp'



Determining if the include file stdint.h exists passed with the following output:
Change Dir: /home/bbordenave/personalProjects/PredictionImagesInPDF/poppler-21.09.0/build/CMakeFiles/CMakeTmp

Run Build Command(s):/usr/bin/make cmTC_bd523/fast && /usr/bin/make -f CMakeFiles/cmTC_bd523.dir/build.make CMakeFiles/cmTC_bd523.dir/build
make[1]: Entering directory '/home/bbordenave/personalProjects/PredictionImagesInPDF/poppler-21.09.0/build/CMakeFiles/CMakeTmp'
Building C object CMakeFiles/cmTC_bd523.dir/CheckIncludeFile.c.o
/usr/bin/cc   -std=c99 -D_DEFAULT_SOURCE  -O2 -DNDEBUG    -o CMakeFiles/cmTC_bd523.dir/CheckIncludeFile.c.o   -c /home/bbordenave/personalProjects/PredictionImagesInPDF/poppler-21.09.0/build/CMakeFiles/CMakeTmp/CheckIncludeFile.c
Linking C executable cmTC_bd523
/usr/bin/cmake -E cmake_link_script CMakeFiles/cmTC_bd523.dir/link.txt --verbose=1
/usr/bin/cc -std=c99 -D_DEFAULT_SOURCE  -O2 -DNDEBUG    -Wl,--as-needed  CMakeFiles/cmTC_bd523.dir/CheckIncludeFile.c.o  -o cmTC_bd523 
make[1]: Leaving directory '/home/bbordenave/personalProjects/PredictionImagesInPDF/poppler-21.09.0/build/CMakeFiles/CMakeTmp'



Determining if the include file stddef.h exists passed with the following output:
Change Dir: /home/bbordenave/personalProjects/PredictionImagesInPDF/poppler-21.09.0/build/CMakeFiles/CMakeTmp

Run Build Command(s):/usr/bin/make cmTC_80108/fast && /usr/bin/make -f CMakeFiles/cmTC_80108.dir/build.make CMakeFiles/cmTC_80108.dir/build
make[1]: Entering directory '/home/bbordenave/personalProjects/PredictionImagesInPDF/poppler-21.09.0/build/CMakeFiles/CMakeTmp'
Building C object CMakeFiles/cmTC_80108.dir/CheckIncludeFile.c.o
/usr/bin/cc   -std=c99 -D_DEFAULT_SOURCE  -O2 -DNDEBUG    -o CMakeFiles/cmTC_80108.dir/CheckIncludeFile.c.o   -c /home/bbordenave/personalProjects/PredictionImagesInPDF/poppler-21.09.0/build/CMakeFiles/CMakeTmp/CheckIncludeFile.c
Linking C executable cmTC_80108
/usr/bin/cmake -E cmake_link_script CMakeFiles/cmTC_80108.dir/link.txt --verbose=1
/usr/bin/cc -std=c99 -D_DEFAULT_SOURCE  -O2 -DNDEBUG    -Wl,--as-needed  CMakeFiles/cmTC_80108.dir/CheckIncludeFile.c.o  -o cmTC_80108 
make[1]: Leaving directory '/home/bbordenave/personalProjects/PredictionImagesInPDF/poppler-21.09.0/build/CMakeFiles/CMakeTmp'



Determining size of unsigned short passed with the following output:
Change Dir: /home/bbordenave/personalProjects/PredictionImagesInPDF/poppler-21.09.0/build/CMakeFiles/CMakeTmp

Run Build Command(s):/usr/bin/make cmTC_20c25/fast && /usr/bin/make -f CMakeFiles/cmTC_20c25.dir/build.make CMakeFiles/cmTC_20c25.dir/build
make[1]: Entering directory '/home/bbordenave/personalProjects/PredictionImagesInPDF/poppler-21.09.0/build/CMakeFiles/CMakeTmp'
Building C object CMakeFiles/cmTC_20c25.dir/CMAKE_SIZEOF_UNSIGNED_SHORT.c.o
/usr/bin/cc   -std=c99 -D_DEFAULT_SOURCE  -O2 -DNDEBUG    -o CMakeFiles/cmTC_20c25.dir/CMAKE_SIZEOF_UNSIGNED_SHORT.c.o   -c /home/bbordenave/personalProjects/PredictionImagesInPDF/poppler-21.09.0/build/CMakeFiles/CheckTypeSize/CMAKE_SIZEOF_UNSIGNED_SHORT.c
Linking C executable cmTC_20c25
/usr/bin/cmake -E cmake_link_script CMakeFiles/cmTC_20c25.dir/link.txt --verbose=1
/usr/bin/cc -std=c99 -D_DEFAULT_SOURCE  -O2 -DNDEBUG    -Wl,--as-needed  CMakeFiles/cmTC_20c25.dir/CMAKE_SIZEOF_UNSIGNED_SHORT.c.o  -o cmTC_20c25 
make[1]: Leaving directory '/home/bbordenave/personalProjects/PredictionImagesInPDF/poppler-21.09.0/build/CMakeFiles/CMakeTmp'



Determining if the system is big endian passed with the following output:
Change Dir: /home/bbordenave/personalProjects/PredictionImagesInPDF/poppler-21.09.0/build/CMakeFiles/CMakeTmp

Run Build Command(s):/usr/bin/make cmTC_32980/fast && /usr/bin/make -f CMakeFiles/cmTC_32980.dir/build.make CMakeFiles/cmTC_32980.dir/build
make[1]: Entering directory '/home/bbordenave/personalProjects/PredictionImagesInPDF/poppler-21.09.0/build/CMakeFiles/CMakeTmp'
Building C object CMakeFiles/cmTC_32980.dir/TestEndianess.c.o
/usr/bin/cc   -std=c99 -D_DEFAULT_SOURCE  -O2 -DNDEBUG    -o CMakeFiles/cmTC_32980.dir/TestEndianess.c.o   -c /home/bbordenave/personalProjects/PredictionImagesInPDF/poppler-21.09.0/build/CMakeFiles/CMakeTmp/TestEndianess.c
Linking C executable cmTC_32980
/usr/bin/cmake -E cmake_link_script CMakeFiles/cmTC_32980.dir/link.txt --verbose=1
/usr/bin/cc -std=c99 -D_DEFAULT_SOURCE  -O2 -DNDEBUG    -Wl,--as-needed  CMakeFiles/cmTC_32980.dir/TestEndianess.c.o  -o cmTC_32980 
make[1]: Leaving directory '/home/bbordenave/personalProjects/PredictionImagesInPDF/poppler-21.09.0/build/CMakeFiles/CMakeTmp'


TestEndianess.c:
/* A 16 bit integer is required. */
typedef unsigned short cmakeint16;

/* On a little endian machine, these 16bit ints will give "THIS IS LITTLE ENDIAN."
   On a big endian machine the characters will be exchanged pairwise. */
const cmakeint16 info_little[] =  {0x4854, 0x5349, 0x4920, 0x2053, 0x494c, 0x5454, 0x454c, 0x4520, 0x444e, 0x4149, 0x2e4e, 0x0000};

/* on a big endian machine, these 16bit ints will give "THIS IS BIG ENDIAN."
   On a little endian machine the characters will be exchanged pairwise. */
const cmakeint16 info_big[] =     {0x5448, 0x4953, 0x2049, 0x5320, 0x4249, 0x4720, 0x454e, 0x4449, 0x414e, 0x2e2e, 0x0000};

#ifdef __CLASSIC_C__
int main(argc, argv) int argc; char *argv[];
#else
int main(int argc, char *argv[])
#endif
{
  int require = 0;
  require += info_little[argc];
  require += info_big[argc];
  (void)argv;
  return require;
}


Determining if files dlfcn.h exist passed with the following output:
Change Dir: /home/bbordenave/personalProjects/PredictionImagesInPDF/poppler-21.09.0/build/CMakeFiles/CMakeTmp

Run Build Command(s):/usr/bin/make cmTC_5050d/fast && /usr/bin/make -f CMakeFiles/cmTC_5050d.dir/build.make CMakeFiles/cmTC_5050d.dir/build
make[1]: Entering directory '/home/bbordenave/personalProjects/PredictionImagesInPDF/poppler-21.09.0/build/CMakeFiles/CMakeTmp'
Building C object CMakeFiles/cmTC_5050d.dir/HAVE_DLFCN_H.c.o
/usr/bin/cc   -Wall -std=c99 -D_DEFAULT_SOURCE  -O2 -DNDEBUG    -std=c11 -o CMakeFiles/cmTC_5050d.dir/HAVE_DLFCN_H.c.o   -c /home/bbordenave/personalProjects/PredictionImagesInPDF/poppler-21.09.0/build/CMakeFiles/CheckIncludeFiles/HAVE_DLFCN_H.c
Linking C executable cmTC_5050d
/usr/bin/cmake -E cmake_link_script CMakeFiles/cmTC_5050d.dir/link.txt --verbose=1
/usr/bin/cc -Wall -std=c99 -D_DEFAULT_SOURCE  -O2 -DNDEBUG    -Wl,--as-needed  CMakeFiles/cmTC_5050d.dir/HAVE_DLFCN_H.c.o  -o cmTC_5050d 
make[1]: Leaving directory '/home/bbordenave/personalProjects/PredictionImagesInPDF/poppler-21.09.0/build/CMakeFiles/CMakeTmp'



Determining if files fcntl.h exist passed with the following output:
Change Dir: /home/bbordenave/personalProjects/PredictionImagesInPDF/poppler-21.09.0/build/CMakeFiles/CMakeTmp

Run Build Command(s):/usr/bin/make cmTC_eff9f/fast && /usr/bin/make -f CMakeFiles/cmTC_eff9f.dir/build.make CMakeFiles/cmTC_eff9f.dir/build
make[1]: Entering directory '/home/bbordenave/personalProjects/PredictionImagesInPDF/poppler-21.09.0/build/CMakeFiles/CMakeTmp'
Building C object CMakeFiles/cmTC_eff9f.dir/HAVE_FCNTL_H.c.o
/usr/bin/cc   -Wall -std=c99 -D_DEFAULT_SOURCE  -O2 -DNDEBUG    -std=c11 -o CMakeFiles/cmTC_eff9f.dir/HAVE_FCNTL_H.c.o   -c /home/bbordenave/personalProjects/PredictionImagesInPDF/poppler-21.09.0/build/CMakeFiles/CheckIncludeFiles/HAVE_FCNTL_H.c
Linking C executable cmTC_eff9f
/usr/bin/cmake -E cmake_link_script CMakeFiles/cmTC_eff9f.dir/link.txt --verbose=1
/usr/bin/cc -Wall -std=c99 -D_DEFAULT_SOURCE  -O2 -DNDEBUG    -Wl,--as-needed  CMakeFiles/cmTC_eff9f.dir/HAVE_FCNTL_H.c.o  -o cmTC_eff9f 
make[1]: Leaving directory '/home/bbordenave/personalProjects/PredictionImagesInPDF/poppler-21.09.0/build/CMakeFiles/CMakeTmp'



Determining if files stdlib.h exist passed with the following output:
Change Dir: /home/bbordenave/personalProjects/PredictionImagesInPDF/poppler-21.09.0/build/CMakeFiles/CMakeTmp

Run Build Command(s):/usr/bin/make cmTC_642b8/fast && /usr/bin/make -f CMakeFiles/cmTC_642b8.dir/build.make CMakeFiles/cmTC_642b8.dir/build
make[1]: Entering directory '/home/bbordenave/personalProjects/PredictionImagesInPDF/poppler-21.09.0/build/CMakeFiles/CMakeTmp'
Building C object CMakeFiles/cmTC_642b8.dir/HAVE_STDLIB_H.c.o
/usr/bin/cc   -Wall -std=c99 -D_DEFAULT_SOURCE  -O2 -DNDEBUG    -std=c11 -o CMakeFiles/cmTC_642b8.dir/HAVE_STDLIB_H.c.o   -c /home/bbordenave/personalProjects/PredictionImagesInPDF/poppler-21.09.0/build/CMakeFiles/CheckIncludeFiles/HAVE_STDLIB_H.c
Linking C executable cmTC_642b8
/usr/bin/cmake -E cmake_link_script CMakeFiles/cmTC_642b8.dir/link.txt --verbose=1
/usr/bin/cc -Wall -std=c99 -D_DEFAULT_SOURCE  -O2 -DNDEBUG    -Wl,--as-needed  CMakeFiles/cmTC_642b8.dir/HAVE_STDLIB_H.c.o  -o cmTC_642b8 
make[1]: Leaving directory '/home/bbordenave/personalProjects/PredictionImagesInPDF/poppler-21.09.0/build/CMakeFiles/CMakeTmp'



Determining if files sys/mman.h exist passed with the following output:
Change Dir: /home/bbordenave/personalProjects/PredictionImagesInPDF/poppler-21.09.0/build/CMakeFiles/CMakeTmp

Run Build Command(s):/usr/bin/make cmTC_84c94/fast && /usr/bin/make -f CMakeFiles/cmTC_84c94.dir/build.make CMakeFiles/cmTC_84c94.dir/build
make[1]: Entering directory '/home/bbordenave/personalProjects/PredictionImagesInPDF/poppler-21.09.0/build/CMakeFiles/CMakeTmp'
Building C object CMakeFiles/cmTC_84c94.dir/HAVE_SYS_MMAN_H.c.o
/usr/bin/cc   -Wall -std=c99 -D_DEFAULT_SOURCE  -O2 -DNDEBUG    -std=c11 -o CMakeFiles/cmTC_84c94.dir/HAVE_SYS_MMAN_H.c.o   -c /home/bbordenave/personalProjects/PredictionImagesInPDF/poppler-21.09.0/build/CMakeFiles/CheckIncludeFiles/HAVE_SYS_MMAN_H.c
Linking C executable cmTC_84c94
/usr/bin/cmake -E cmake_link_script CMakeFiles/cmTC_84c94.dir/link.txt --verbose=1
/usr/bin/cc -Wall -std=c99 -D_DEFAULT_SOURCE  -O2 -DNDEBUG    -Wl,--as-needed  CMakeFiles/cmTC_84c94.dir/HAVE_SYS_MMAN_H.c.o  -o cmTC_84c94 
make[1]: Leaving directory '/home/bbordenave/personalProjects/PredictionImagesInPDF/poppler-21.09.0/build/CMakeFiles/CMakeTmp'



Determining if files sys/stat.h exist passed with the following output:
Change Dir: /home/bbordenave/personalProjects/PredictionImagesInPDF/poppler-21.09.0/build/CMakeFiles/CMakeTmp

Run Build Command(s):/usr/bin/make cmTC_ece43/fast && /usr/bin/make -f CMakeFiles/cmTC_ece43.dir/build.make CMakeFiles/cmTC_ece43.dir/build
make[1]: Entering directory '/home/bbordenave/personalProjects/PredictionImagesInPDF/poppler-21.09.0/build/CMakeFiles/CMakeTmp'
Building C object CMakeFiles/cmTC_ece43.dir/HAVE_SYS_STAT_H.c.o
/usr/bin/cc   -Wall -std=c99 -D_DEFAULT_SOURCE  -O2 -DNDEBUG    -std=c11 -o CMakeFiles/cmTC_ece43.dir/HAVE_SYS_STAT_H.c.o   -c /home/bbordenave/personalProjects/PredictionImagesInPDF/poppler-21.09.0/build/CMakeFiles/CheckIncludeFiles/HAVE_SYS_STAT_H.c
Linking C executable cmTC_ece43
/usr/bin/cmake -E cmake_link_script CMakeFiles/cmTC_ece43.dir/link.txt --verbose=1
/usr/bin/cc -Wall -std=c99 -D_DEFAULT_SOURCE  -O2 -DNDEBUG    -Wl,--as-needed  CMakeFiles/cmTC_ece43.dir/HAVE_SYS_STAT_H.c.o  -o cmTC_ece43 
make[1]: Leaving directory '/home/bbordenave/personalProjects/PredictionImagesInPDF/poppler-21.09.0/build/CMakeFiles/CMakeTmp'



Determining if files unistd.h exist passed with the following output:
Change Dir: /home/bbordenave/personalProjects/PredictionImagesInPDF/poppler-21.09.0/build/CMakeFiles/CMakeTmp

Run Build Command(s):/usr/bin/make cmTC_f60e7/fast && /usr/bin/make -f CMakeFiles/cmTC_f60e7.dir/build.make CMakeFiles/cmTC_f60e7.dir/build
make[1]: Entering directory '/home/bbordenave/personalProjects/PredictionImagesInPDF/poppler-21.09.0/build/CMakeFiles/CMakeTmp'
Building C object CMakeFiles/cmTC_f60e7.dir/HAVE_UNISTD_H.c.o
/usr/bin/cc   -Wall -std=c99 -D_DEFAULT_SOURCE  -O2 -DNDEBUG    -std=c11 -o CMakeFiles/cmTC_f60e7.dir/HAVE_UNISTD_H.c.o   -c /home/bbordenave/personalProjects/PredictionImagesInPDF/poppler-21.09.0/build/CMakeFiles/CheckIncludeFiles/HAVE_UNISTD_H.c
Linking C executable cmTC_f60e7
/usr/bin/cmake -E cmake_link_script CMakeFiles/cmTC_f60e7.dir/link.txt --verbose=1
/usr/bin/cc -Wall -std=c99 -D_DEFAULT_SOURCE  -O2 -DNDEBUG    -Wl,--as-needed  CMakeFiles/cmTC_f60e7.dir/HAVE_UNISTD_H.c.o  -o cmTC_f60e7 
make[1]: Leaving directory '/home/bbordenave/personalProjects/PredictionImagesInPDF/poppler-21.09.0/build/CMakeFiles/CMakeTmp'



Determining if the fseeko exist passed with the following output:
Change Dir: /home/bbordenave/personalProjects/PredictionImagesInPDF/poppler-21.09.0/build/CMakeFiles/CMakeTmp

Run Build Command(s):/usr/bin/make cmTC_3e019/fast && /usr/bin/make -f CMakeFiles/cmTC_3e019.dir/build.make CMakeFiles/cmTC_3e019.dir/build
make[1]: Entering directory '/home/bbordenave/personalProjects/PredictionImagesInPDF/poppler-21.09.0/build/CMakeFiles/CMakeTmp'
Building C object CMakeFiles/cmTC_3e019.dir/CheckSymbolExists.c.o
/usr/bin/cc   -Wall -std=c99 -D_DEFAULT_SOURCE  -O2 -DNDEBUG    -std=c11 -o CMakeFiles/cmTC_3e019.dir/CheckSymbolExists.c.o   -c /home/bbordenave/personalProjects/PredictionImagesInPDF/poppler-21.09.0/build/CMakeFiles/CMakeTmp/CheckSymbolExists.c
Linking C executable cmTC_3e019
/usr/bin/cmake -E cmake_link_script CMakeFiles/cmTC_3e019.dir/link.txt --verbose=1
/usr/bin/cc -Wall -std=c99 -D_DEFAULT_SOURCE  -O2 -DNDEBUG    -Wl,--as-needed  CMakeFiles/cmTC_3e019.dir/CheckSymbolExists.c.o  -o cmTC_3e019 
make[1]: Leaving directory '/home/bbordenave/personalProjects/PredictionImagesInPDF/poppler-21.09.0/build/CMakeFiles/CMakeTmp'


File /home/bbordenave/personalProjects/PredictionImagesInPDF/poppler-21.09.0/build/CMakeFiles/CMakeTmp/CheckSymbolExists.c:
/* */
#include <stdio.h>

int main(int argc, char** argv)
{
  (void)argv;
#ifndef fseeko
  return ((int*)(&fseeko))[argc];
#else
  (void)argc;
  return 0;
#endif
}
Determining if the function pread64 exists passed with the following output:
Change Dir: /home/bbordenave/personalProjects/PredictionImagesInPDF/poppler-21.09.0/build/CMakeFiles/CMakeTmp

Run Build Command(s):/usr/bin/make cmTC_2c2ec/fast && /usr/bin/make -f CMakeFiles/cmTC_2c2ec.dir/build.make CMakeFiles/cmTC_2c2ec.dir/build
make[1]: Entering directory '/home/bbordenave/personalProjects/PredictionImagesInPDF/poppler-21.09.0/build/CMakeFiles/CMakeTmp'
Building C object CMakeFiles/cmTC_2c2ec.dir/CheckFunctionExists.c.o
/usr/bin/cc   -Wall -std=c99 -D_DEFAULT_SOURCE -DCHECK_FUNCTION_EXISTS=pread64 -O2 -DNDEBUG    -std=c11 -o CMakeFiles/cmTC_2c2ec.dir/CheckFunctionExists.c.o   -c /usr/share/cmake-3.16/Modules/CheckFunctionExists.c
Linking C executable cmTC_2c2ec
/usr/bin/cmake -E cmake_link_script CMakeFiles/cmTC_2c2ec.dir/link.txt --verbose=1
/usr/bin/cc -Wall -std=c99 -D_DEFAULT_SOURCE -DCHECK_FUNCTION_EXISTS=pread64 -O2 -DNDEBUG    -Wl,--as-needed  CMakeFiles/cmTC_2c2ec.dir/CheckFunctionExists.c.o  -o cmTC_2c2ec 
make[1]: Leaving directory '/home/bbordenave/personalProjects/PredictionImagesInPDF/poppler-21.09.0/build/CMakeFiles/CMakeTmp'



Determining if the function lseek64 exists passed with the following output:
Change Dir: /home/bbordenave/personalProjects/PredictionImagesInPDF/poppler-21.09.0/build/CMakeFiles/CMakeTmp

Run Build Command(s):/usr/bin/make cmTC_1fa5a/fast && /usr/bin/make -f CMakeFiles/cmTC_1fa5a.dir/build.make CMakeFiles/cmTC_1fa5a.dir/build
make[1]: Entering directory '/home/bbordenave/personalProjects/PredictionImagesInPDF/poppler-21.09.0/build/CMakeFiles/CMakeTmp'
Building C object CMakeFiles/cmTC_1fa5a.dir/CheckFunctionExists.c.o
/usr/bin/cc   -Wall -std=c99 -D_DEFAULT_SOURCE -DCHECK_FUNCTION_EXISTS=lseek64 -O2 -DNDEBUG    -std=c11 -o CMakeFiles/cmTC_1fa5a.dir/CheckFunctionExists.c.o   -c /usr/share/cmake-3.16/Modules/CheckFunctionExists.c
Linking C executable cmTC_1fa5a
/usr/bin/cmake -E cmake_link_script CMakeFiles/cmTC_1fa5a.dir/link.txt --verbose=1
/usr/bin/cc -Wall -std=c99 -D_DEFAULT_SOURCE -DCHECK_FUNCTION_EXISTS=lseek64 -O2 -DNDEBUG    -Wl,--as-needed  CMakeFiles/cmTC_1fa5a.dir/CheckFunctionExists.c.o  -o cmTC_1fa5a 
make[1]: Leaving directory '/home/bbordenave/personalProjects/PredictionImagesInPDF/poppler-21.09.0/build/CMakeFiles/CMakeTmp'



Determining if the function gmtime_r exists passed with the following output:
Change Dir: /home/bbordenave/personalProjects/PredictionImagesInPDF/poppler-21.09.0/build/CMakeFiles/CMakeTmp

Run Build Command(s):/usr/bin/make cmTC_59161/fast && /usr/bin/make -f CMakeFiles/cmTC_59161.dir/build.make CMakeFiles/cmTC_59161.dir/build
make[1]: Entering directory '/home/bbordenave/personalProjects/PredictionImagesInPDF/poppler-21.09.0/build/CMakeFiles/CMakeTmp'
Building C object CMakeFiles/cmTC_59161.dir/CheckFunctionExists.c.o
/usr/bin/cc   -Wall -std=c99 -D_DEFAULT_SOURCE -DCHECK_FUNCTION_EXISTS=gmtime_r -O2 -DNDEBUG    -std=c11 -o CMakeFiles/cmTC_59161.dir/CheckFunctionExists.c.o   -c /usr/share/cmake-3.16/Modules/CheckFunctionExists.c
Linking C executable cmTC_59161
/usr/bin/cmake -E cmake_link_script CMakeFiles/cmTC_59161.dir/link.txt --verbose=1
/usr/bin/cc -Wall -std=c99 -D_DEFAULT_SOURCE -DCHECK_FUNCTION_EXISTS=gmtime_r -O2 -DNDEBUG    -Wl,--as-needed  CMakeFiles/cmTC_59161.dir/CheckFunctionExists.c.o  -o cmTC_59161 
make[1]: Leaving directory '/home/bbordenave/personalProjects/PredictionImagesInPDF/poppler-21.09.0/build/CMakeFiles/CMakeTmp'



Determining if the function timegm exists passed with the following output:
Change Dir: /home/bbordenave/personalProjects/PredictionImagesInPDF/poppler-21.09.0/build/CMakeFiles/CMakeTmp

Run Build Command(s):/usr/bin/make cmTC_c988b/fast && /usr/bin/make -f CMakeFiles/cmTC_c988b.dir/build.make CMakeFiles/cmTC_c988b.dir/build
make[1]: Entering directory '/home/bbordenave/personalProjects/PredictionImagesInPDF/poppler-21.09.0/build/CMakeFiles/CMakeTmp'
Building C object CMakeFiles/cmTC_c988b.dir/CheckFunctionExists.c.o
/usr/bin/cc   -Wall -std=c99 -D_DEFAULT_SOURCE -DCHECK_FUNCTION_EXISTS=timegm -O2 -DNDEBUG    -std=c11 -o CMakeFiles/cmTC_c988b.dir/CheckFunctionExists.c.o   -c /usr/share/cmake-3.16/Modules/CheckFunctionExists.c
Linking C executable cmTC_c988b
/usr/bin/cmake -E cmake_link_script CMakeFiles/cmTC_c988b.dir/link.txt --verbose=1
/usr/bin/cc -Wall -std=c99 -D_DEFAULT_SOURCE -DCHECK_FUNCTION_EXISTS=timegm -O2 -DNDEBUG    -Wl,--as-needed  CMakeFiles/cmTC_c988b.dir/CheckFunctionExists.c.o  -o cmTC_c988b 
make[1]: Leaving directory '/home/bbordenave/personalProjects/PredictionImagesInPDF/poppler-21.09.0/build/CMakeFiles/CMakeTmp'



Determining if the function gettimeofday exists passed with the following output:
Change Dir: /home/bbordenave/personalProjects/PredictionImagesInPDF/poppler-21.09.0/build/CMakeFiles/CMakeTmp

Run Build Command(s):/usr/bin/make cmTC_2ef34/fast && /usr/bin/make -f CMakeFiles/cmTC_2ef34.dir/build.make CMakeFiles/cmTC_2ef34.dir/build
make[1]: Entering directory '/home/bbordenave/personalProjects/PredictionImagesInPDF/poppler-21.09.0/build/CMakeFiles/CMakeTmp'
Building C object CMakeFiles/cmTC_2ef34.dir/CheckFunctionExists.c.o
/usr/bin/cc   -Wall -std=c99 -D_DEFAULT_SOURCE -DCHECK_FUNCTION_EXISTS=gettimeofday -O2 -DNDEBUG    -std=c11 -o CMakeFiles/cmTC_2ef34.dir/CheckFunctionExists.c.o   -c /usr/share/cmake-3.16/Modules/CheckFunctionExists.c
Linking C executable cmTC_2ef34
/usr/bin/cmake -E cmake_link_script CMakeFiles/cmTC_2ef34.dir/link.txt --verbose=1
/usr/bin/cc -Wall -std=c99 -D_DEFAULT_SOURCE -DCHECK_FUNCTION_EXISTS=gettimeofday -O2 -DNDEBUG    -Wl,--as-needed  CMakeFiles/cmTC_2ef34.dir/CheckFunctionExists.c.o  -o cmTC_2ef34 
make[1]: Leaving directory '/home/bbordenave/personalProjects/PredictionImagesInPDF/poppler-21.09.0/build/CMakeFiles/CMakeTmp'



Determining if the function localtime_r exists passed with the following output:
Change Dir: /home/bbordenave/personalProjects/PredictionImagesInPDF/poppler-21.09.0/build/CMakeFiles/CMakeTmp

Run Build Command(s):/usr/bin/make cmTC_728d1/fast && /usr/bin/make -f CMakeFiles/cmTC_728d1.dir/build.make CMakeFiles/cmTC_728d1.dir/build
make[1]: Entering directory '/home/bbordenave/personalProjects/PredictionImagesInPDF/poppler-21.09.0/build/CMakeFiles/CMakeTmp'
Building C object CMakeFiles/cmTC_728d1.dir/CheckFunctionExists.c.o
/usr/bin/cc   -Wall -std=c99 -D_DEFAULT_SOURCE -DCHECK_FUNCTION_EXISTS=localtime_r -O2 -DNDEBUG    -std=c11 -o CMakeFiles/cmTC_728d1.dir/CheckFunctionExists.c.o   -c /usr/share/cmake-3.16/Modules/CheckFunctionExists.c
Linking C executable cmTC_728d1
/usr/bin/cmake -E cmake_link_script CMakeFiles/cmTC_728d1.dir/link.txt --verbose=1
/usr/bin/cc -Wall -std=c99 -D_DEFAULT_SOURCE -DCHECK_FUNCTION_EXISTS=localtime_r -O2 -DNDEBUG    -Wl,--as-needed  CMakeFiles/cmTC_728d1.dir/CheckFunctionExists.c.o  -o cmTC_728d1 
make[1]: Leaving directory '/home/bbordenave/personalProjects/PredictionImagesInPDF/poppler-21.09.0/build/CMakeFiles/CMakeTmp'



Determining if the function popen exists passed with the following output:
Change Dir: /home/bbordenave/personalProjects/PredictionImagesInPDF/poppler-21.09.0/build/CMakeFiles/CMakeTmp

Run Build Command(s):/usr/bin/make cmTC_ce39a/fast && /usr/bin/make -f CMakeFiles/cmTC_ce39a.dir/build.make CMakeFiles/cmTC_ce39a.dir/build
make[1]: Entering directory '/home/bbordenave/personalProjects/PredictionImagesInPDF/poppler-21.09.0/build/CMakeFiles/CMakeTmp'
Building C object CMakeFiles/cmTC_ce39a.dir/CheckFunctionExists.c.o
/usr/bin/cc   -Wall -std=c99 -D_DEFAULT_SOURCE -DCHECK_FUNCTION_EXISTS=popen -O2 -DNDEBUG    -std=c11 -o CMakeFiles/cmTC_ce39a.dir/CheckFunctionExists.c.o   -c /usr/share/cmake-3.16/Modules/CheckFunctionExists.c
Linking C executable cmTC_ce39a
/usr/bin/cmake -E cmake_link_script CMakeFiles/cmTC_ce39a.dir/link.txt --verbose=1
/usr/bin/cc -Wall -std=c99 -D_DEFAULT_SOURCE -DCHECK_FUNCTION_EXISTS=popen -O2 -DNDEBUG    -Wl,--as-needed  CMakeFiles/cmTC_ce39a.dir/CheckFunctionExists.c.o  -o cmTC_ce39a 
make[1]: Leaving directory '/home/bbordenave/personalProjects/PredictionImagesInPDF/poppler-21.09.0/build/CMakeFiles/CMakeTmp'



Determining if the function mkstemp exists passed with the following output:
Change Dir: /home/bbordenave/personalProjects/PredictionImagesInPDF/poppler-21.09.0/build/CMakeFiles/CMakeTmp

Run Build Command(s):/usr/bin/make cmTC_cc76d/fast && /usr/bin/make -f CMakeFiles/cmTC_cc76d.dir/build.make CMakeFiles/cmTC_cc76d.dir/build
make[1]: Entering directory '/home/bbordenave/personalProjects/PredictionImagesInPDF/poppler-21.09.0/build/CMakeFiles/CMakeTmp'
Building C object CMakeFiles/cmTC_cc76d.dir/CheckFunctionExists.c.o
/usr/bin/cc   -Wall -std=c99 -D_DEFAULT_SOURCE -DCHECK_FUNCTION_EXISTS=mkstemp -O2 -DNDEBUG    -std=c11 -o CMakeFiles/cmTC_cc76d.dir/CheckFunctionExists.c.o   -c /usr/share/cmake-3.16/Modules/CheckFunctionExists.c
Linking C executable cmTC_cc76d
/usr/bin/cmake -E cmake_link_script CMakeFiles/cmTC_cc76d.dir/link.txt --verbose=1
/usr/bin/cc -Wall -std=c99 -D_DEFAULT_SOURCE -DCHECK_FUNCTION_EXISTS=mkstemp -O2 -DNDEBUG    -Wl,--as-needed  CMakeFiles/cmTC_cc76d.dir/CheckFunctionExists.c.o  -o cmTC_cc76d 
make[1]: Leaving directory '/home/bbordenave/personalProjects/PredictionImagesInPDF/poppler-21.09.0/build/CMakeFiles/CMakeTmp'



Determining if the function strtok_r exists passed with the following output:
Change Dir: /home/bbordenave/personalProjects/PredictionImagesInPDF/poppler-21.09.0/build/CMakeFiles/CMakeTmp

Run Build Command(s):/usr/bin/make cmTC_f546e/fast && /usr/bin/make -f CMakeFiles/cmTC_f546e.dir/build.make CMakeFiles/cmTC_f546e.dir/build
make[1]: Entering directory '/home/bbordenave/personalProjects/PredictionImagesInPDF/poppler-21.09.0/build/CMakeFiles/CMakeTmp'
Building C object CMakeFiles/cmTC_f546e.dir/CheckFunctionExists.c.o
/usr/bin/cc   -Wall -std=c99 -D_DEFAULT_SOURCE -DCHECK_FUNCTION_EXISTS=strtok_r -O2 -DNDEBUG    -std=c11 -o CMakeFiles/cmTC_f546e.dir/CheckFunctionExists.c.o   -c /usr/share/cmake-3.16/Modules/CheckFunctionExists.c
Linking C executable cmTC_f546e
/usr/bin/cmake -E cmake_link_script CMakeFiles/cmTC_f546e.dir/link.txt --verbose=1
/usr/bin/cc -Wall -std=c99 -D_DEFAULT_SOURCE -DCHECK_FUNCTION_EXISTS=strtok_r -O2 -DNDEBUG    -Wl,--as-needed  CMakeFiles/cmTC_f546e.dir/CheckFunctionExists.c.o  -o cmTC_f546e 
make[1]: Leaving directory '/home/bbordenave/personalProjects/PredictionImagesInPDF/poppler-21.09.0/build/CMakeFiles/CMakeTmp'



Performing C SOURCE FILE Test HAVE_DIRENT_H succeeded with the following output:
Change Dir: /home/bbordenave/personalProjects/PredictionImagesInPDF/poppler-21.09.0/build/CMakeFiles/CMakeTmp

Run Build Command(s):/usr/bin/make cmTC_7259a/fast && /usr/bin/make -f CMakeFiles/cmTC_7259a.dir/build.make CMakeFiles/cmTC_7259a.dir/build
make[1]: Entering directory '/home/bbordenave/personalProjects/PredictionImagesInPDF/poppler-21.09.0/build/CMakeFiles/CMakeTmp'
Building C object CMakeFiles/cmTC_7259a.dir/src.c.o
/usr/bin/cc   -Wall -std=c99 -D_DEFAULT_SOURCE -DHAVE_DIRENT_H -O2 -DNDEBUG    -std=c11 -o CMakeFiles/cmTC_7259a.dir/src.c.o   -c /home/bbordenave/personalProjects/PredictionImagesInPDF/poppler-21.09.0/build/CMakeFiles/CMakeTmp/src.c
/home/bbordenave/personalProjects/PredictionImagesInPDF/poppler-21.09.0/build/CMakeFiles/CMakeTmp/src.c: In function main:
/home/bbordenave/personalProjects/PredictionImagesInPDF/poppler-21.09.0/build/CMakeFiles/CMakeTmp/src.c:5:8: warning: unused variable d [-Wunused-variable]
    5 |   DIR* d = 0;
      |        ^
Linking C executable cmTC_7259a
/usr/bin/cmake -E cmake_link_script CMakeFiles/cmTC_7259a.dir/link.txt --verbose=1
/usr/bin/cc -Wall -std=c99 -D_DEFAULT_SOURCE -DHAVE_DIRENT_H -O2 -DNDEBUG    -Wl,--as-needed  CMakeFiles/cmTC_7259a.dir/src.c.o  -o cmTC_7259a 
make[1]: Leaving directory '/home/bbordenave/personalProjects/PredictionImagesInPDF/poppler-21.09.0/build/CMakeFiles/CMakeTmp'


Source file was:
#include <dirent.h>

int main(int argc, char *argv[])
{
  DIR* d = 0;
  return 0;
}

Performing C SOURCE FILE Test HAVE_SYS_DIR_H succeeded with the following output:
Change Dir: /home/bbordenave/personalProjects/PredictionImagesInPDF/poppler-21.09.0/build/CMakeFiles/CMakeTmp

Run Build Command(s):/usr/bin/make cmTC_b4378/fast && /usr/bin/make -f CMakeFiles/cmTC_b4378.dir/build.make CMakeFiles/cmTC_b4378.dir/build
make[1]: Entering directory '/home/bbordenave/personalProjects/PredictionImagesInPDF/poppler-21.09.0/build/CMakeFiles/CMakeTmp'
Building C object CMakeFiles/cmTC_b4378.dir/src.c.o
/usr/bin/cc   -Wall -std=c99 -D_DEFAULT_SOURCE -DHAVE_SYS_DIR_H -O2 -DNDEBUG    -std=c11 -o CMakeFiles/cmTC_b4378.dir/src.c.o   -c /home/bbordenave/personalProjects/PredictionImagesInPDF/poppler-21.09.0/build/CMakeFiles/CMakeTmp/src.c
/home/bbordenave/personalProjects/PredictionImagesInPDF/poppler-21.09.0/build/CMakeFiles/CMakeTmp/src.c: In function main:
/home/bbordenave/personalProjects/PredictionImagesInPDF/poppler-21.09.0/build/CMakeFiles/CMakeTmp/src.c:5:8: warning: unused variable d [-Wunused-variable]
    5 |   DIR* d = 0;
      |        ^
Linking C executable cmTC_b4378
/usr/bin/cmake -E cmake_link_script CMakeFiles/cmTC_b4378.dir/link.txt --verbose=1
/usr/bin/cc -Wall -std=c99 -D_DEFAULT_SOURCE -DHAVE_SYS_DIR_H -O2 -DNDEBUG    -Wl,--as-needed  CMakeFiles/cmTC_b4378.dir/src.c.o  -o cmTC_b4378 
make[1]: Leaving directory '/home/bbordenave/personalProjects/PredictionImagesInPDF/poppler-21.09.0/build/CMakeFiles/CMakeTmp'


Source file was:
#include <sys/dir.h>

int main(int argc, char *argv[])
{
  DIR* d = 0;
  return 0;
}

Determining if the function nanosleep exists passed with the following output:
Change Dir: /home/bbordenave/personalProjects/PredictionImagesInPDF/poppler-21.09.0/build/CMakeFiles/CMakeTmp

Run Build Command(s):/usr/bin/make cmTC_6b365/fast && /usr/bin/make -f CMakeFiles/cmTC_6b365.dir/build.make CMakeFiles/cmTC_6b365.dir/build
make[1]: Entering directory '/home/bbordenave/personalProjects/PredictionImagesInPDF/poppler-21.09.0/build/CMakeFiles/CMakeTmp'
Building C object CMakeFiles/cmTC_6b365.dir/CheckFunctionExists.c.o
/usr/bin/cc   -Wall -std=c99 -D_DEFAULT_SOURCE -DCHECK_FUNCTION_EXISTS=nanosleep -O2 -DNDEBUG    -std=c11 -o CMakeFiles/cmTC_6b365.dir/CheckFunctionExists.c.o   -c /usr/share/cmake-3.16/Modules/CheckFunctionExists.c
Linking C executable cmTC_6b365
/usr/bin/cmake -E cmake_link_script CMakeFiles/cmTC_6b365.dir/link.txt --verbose=1
/usr/bin/cc -Wall -std=c99 -D_DEFAULT_SOURCE -DCHECK_FUNCTION_EXISTS=nanosleep -O2 -DNDEBUG    -Wl,--as-needed  CMakeFiles/cmTC_6b365.dir/CheckFunctionExists.c.o  -o cmTC_6b365 
make[1]: Leaving directory '/home/bbordenave/personalProjects/PredictionImagesInPDF/poppler-21.09.0/build/CMakeFiles/CMakeTmp'



Performing C++ SOURCE FILE Test COMPILER_HAS_HIDDEN_VISIBILITY succeeded with the following output:
Change Dir: /home/bbordenave/personalProjects/PredictionImagesInPDF/poppler-21.09.0/build/CMakeFiles/CMakeTmp

Run Build Command(s):/usr/bin/make cmTC_6ee85/fast && /usr/bin/make -f CMakeFiles/cmTC_6ee85.dir/build.make CMakeFiles/cmTC_6ee85.dir/build
make[1]: Entering directory '/home/bbordenave/personalProjects/PredictionImagesInPDF/poppler-21.09.0/build/CMakeFiles/CMakeTmp'
Building CXX object CMakeFiles/cmTC_6ee85.dir/src.cxx.o
/usr/bin/c++    -Wall -Wextra -Wpedantic -Wno-unused-parameter -Wcast-align -Wformat-security -Wframe-larger-than=65536 -Wlogical-op -Wmissing-format-attribute -Wnon-virtual-dtor -Woverloaded-virtual -Wmissing-declarations -Wundef -Wzero-as-null-pointer-constant -Wshadow -Wsuggest-override -fno-exceptions -fno-check-new -fno-common -fno-operator-names -D_DEFAULT_SOURCE -DCOMPILER_HAS_HIDDEN_VISIBILITY -O2 -DNDEBUG    -fvisibility=hidden -std=c++14 -o CMakeFiles/cmTC_6ee85.dir/src.cxx.o -c /home/bbordenave/personalProjects/PredictionImagesInPDF/poppler-21.09.0/build/CMakeFiles/CMakeTmp/src.cxx
Linking CXX executable cmTC_6ee85
/usr/bin/cmake -E cmake_link_script CMakeFiles/cmTC_6ee85.dir/link.txt --verbose=1
/usr/bin/c++  -Wall -Wextra -Wpedantic -Wno-unused-parameter -Wcast-align -Wformat-security -Wframe-larger-than=65536 -Wlogical-op -Wmissing-format-attribute -Wnon-virtual-dtor -Woverloaded-virtual -Wmissing-declarations -Wundef -Wzero-as-null-pointer-constant -Wshadow -Wsuggest-override -fno-exceptions -fno-check-new -fno-common -fno-operator-names -D_DEFAULT_SOURCE -DCOMPILER_HAS_HIDDEN_VISIBILITY -O2 -DNDEBUG    -Wl,--as-needed  CMakeFiles/cmTC_6ee85.dir/src.cxx.o  -o cmTC_6ee85 
make[1]: Leaving directory '/home/bbordenave/personalProjects/PredictionImagesInPDF/poppler-21.09.0/build/CMakeFiles/CMakeTmp'


Source file was:
int main() { return 0; }
Performing C++ SOURCE FILE Test COMPILER_HAS_HIDDEN_INLINE_VISIBILITY succeeded with the following output:
Change Dir: /home/bbordenave/personalProjects/PredictionImagesInPDF/poppler-21.09.0/build/CMakeFiles/CMakeTmp

Run Build Command(s):/usr/bin/make cmTC_7b665/fast && /usr/bin/make -f CMakeFiles/cmTC_7b665.dir/build.make CMakeFiles/cmTC_7b665.dir/build
make[1]: Entering directory '/home/bbordenave/personalProjects/PredictionImagesInPDF/poppler-21.09.0/build/CMakeFiles/CMakeTmp'
Building CXX object CMakeFiles/cmTC_7b665.dir/src.cxx.o
/usr/bin/c++    -Wall -Wextra -Wpedantic -Wno-unused-parameter -Wcast-align -Wformat-security -Wframe-larger-than=65536 -Wlogical-op -Wmissing-format-attribute -Wnon-virtual-dtor -Woverloaded-virtual -Wmissing-declarations -Wundef -Wzero-as-null-pointer-constant -Wshadow -Wsuggest-override -fno-exceptions -fno-check-new -fno-common -fno-operator-names -D_DEFAULT_SOURCE -DCOMPILER_HAS_HIDDEN_INLINE_VISIBILITY -O2 -DNDEBUG    -fvisibility-inlines-hidden -std=c++14 -o CMakeFiles/cmTC_7b665.dir/src.cxx.o -c /home/bbordenave/personalProjects/PredictionImagesInPDF/poppler-21.09.0/build/CMakeFiles/CMakeTmp/src.cxx
Linking CXX executable cmTC_7b665
/usr/bin/cmake -E cmake_link_script CMakeFiles/cmTC_7b665.dir/link.txt --verbose=1
/usr/bin/c++  -Wall -Wextra -Wpedantic -Wno-unused-parameter -Wcast-align -Wformat-security -Wframe-larger-than=65536 -Wlogical-op -Wmissing-format-attribute -Wnon-virtual-dtor -Woverloaded-virtual -Wmissing-declarations -Wundef -Wzero-as-null-pointer-constant -Wshadow -Wsuggest-override -fno-exceptions -fno-check-new -fno-common -fno-operator-names -D_DEFAULT_SOURCE -DCOMPILER_HAS_HIDDEN_INLINE_VISIBILITY -O2 -DNDEBUG    -Wl,--as-needed  CMakeFiles/cmTC_7b665.dir/src.cxx.o  -o cmTC_7b665 
make[1]: Leaving directory '/home/bbordenave/personalProjects/PredictionImagesInPDF/poppler-21.09.0/build/CMakeFiles/CMakeTmp'


Source file was:
int main() { return 0; }
Performing C++ SOURCE FILE Test COMPILER_HAS_DEPRECATED_ATTR succeeded with the following output:
Change Dir: /home/bbordenave/personalProjects/PredictionImagesInPDF/poppler-21.09.0/build/CMakeFiles/CMakeTmp

Run Build Command(s):/usr/bin/make cmTC_27fc9/fast && /usr/bin/make -f CMakeFiles/cmTC_27fc9.dir/build.make CMakeFiles/cmTC_27fc9.dir/build
make[1]: Entering directory '/home/bbordenave/personalProjects/PredictionImagesInPDF/poppler-21.09.0/build/CMakeFiles/CMakeTmp'
Building CXX object CMakeFiles/cmTC_27fc9.dir/src.cxx.o
/usr/bin/c++    -Wall -Wextra -Wpedantic -Wno-unused-parameter -Wcast-align -Wformat-security -Wframe-larger-than=65536 -Wlogical-op -Wmissing-format-attribute -Wnon-virtual-dtor -Woverloaded-virtual -Wmissing-declarations -Wundef -Wzero-as-null-pointer-constant -Wshadow -Wsuggest-override -fno-exceptions -fno-check-new -fno-common -fno-operator-names -D_DEFAULT_SOURCE -DCOMPILER_HAS_DEPRECATED_ATTR -O2 -DNDEBUG    -std=c++14 -o CMakeFiles/cmTC_27fc9.dir/src.cxx.o -c /home/bbordenave/personalProjects/PredictionImagesInPDF/poppler-21.09.0/build/CMakeFiles/CMakeTmp/src.cxx
/home/bbordenave/personalProjects/PredictionImagesInPDF/poppler-21.09.0/build/CMakeFiles/CMakeTmp/src.cxx:1:37: warning: no previous declaration for int somefunc() [-Wmissing-declarations]
    1 | __attribute__((__deprecated__)) int somefunc() { return 0; }
      |                                     ^~~~~~~~
/home/bbordenave/personalProjects/PredictionImagesInPDF/poppler-21.09.0/build/CMakeFiles/CMakeTmp/src.cxx: In function int main():
/home/bbordenave/personalProjects/PredictionImagesInPDF/poppler-21.09.0/build/CMakeFiles/CMakeTmp/src.cxx:2:34: warning: int somefunc() is deprecated [-Wdeprecated-declarations]
    2 |     int main() { return somefunc();}
      |                                  ^
/home/bbordenave/personalProjects/PredictionImagesInPDF/poppler-21.09.0/build/CMakeFiles/CMakeTmp/src.cxx:1:37: note: declared here
    1 | __attribute__((__deprecated__)) int somefunc() { return 0; }
      |                                     ^~~~~~~~
/home/bbordenave/personalProjects/PredictionImagesInPDF/poppler-21.09.0/build/CMakeFiles/CMakeTmp/src.cxx:2:34: warning: int somefunc() is deprecated [-Wdeprecated-declarations]
    2 |     int main() { return somefunc();}
      |                                  ^
/home/bbordenave/personalProjects/PredictionImagesInPDF/poppler-21.09.0/build/CMakeFiles/CMakeTmp/src.cxx:1:37: note: declared here
    1 | __attribute__((__deprecated__)) int somefunc() { return 0; }
      |                                     ^~~~~~~~
Linking CXX executable cmTC_27fc9
/usr/bin/cmake -E cmake_link_script CMakeFiles/cmTC_27fc9.dir/link.txt --verbose=1
/usr/bin/c++  -Wall -Wextra -Wpedantic -Wno-unused-parameter -Wcast-align -Wformat-security -Wframe-larger-than=65536 -Wlogical-op -Wmissing-format-attribute -Wnon-virtual-dtor -Woverloaded-virtual -Wmissing-declarations -Wundef -Wzero-as-null-pointer-constant -Wshadow -Wsuggest-override -fno-exceptions -fno-check-new -fno-common -fno-operator-names -D_DEFAULT_SOURCE -DCOMPILER_HAS_DEPRECATED_ATTR -O2 -DNDEBUG    -Wl,--as-needed  CMakeFiles/cmTC_27fc9.dir/src.cxx.o  -o cmTC_27fc9 
make[1]: Leaving directory '/home/bbordenave/personalProjects/PredictionImagesInPDF/poppler-21.09.0/build/CMakeFiles/CMakeTmp'


Source file was:
__attribute__((__deprecated__)) int somefunc() { return 0; }
    int main() { return somefunc();}
